Aug  5 00:27:07 unbalanced rsyslogd:  [origin software="rsyslogd" swVersion="8.1901.0" x-pid="497" x-info="https://www.rsyslog.com"] rsyslogd was HUPed
Aug  5 00:27:07 unbalanced rsyslogd:  [origin software="rsyslogd" swVersion="8.1901.0" x-pid="497" x-info="https://www.rsyslog.com"] rsyslogd was HUPed
Aug  5 00:27:07 unbalanced kernel: [    6.968634] vmxnet3 0000:03:00.0 ens160: intr type 3, mode 0, 3 vectors allocated
Aug  5 00:27:07 unbalanced kernel: [    6.970191] vmxnet3 0000:03:00.0 ens160: NIC Link is Up 10000 Mbps
Aug  5 00:27:07 unbalanced systemd[1]: logrotate.service: Succeeded.
Aug  5 00:27:07 unbalanced systemd[1]: Started Rotate log files.
Aug  5 00:27:07 unbalanced systemd[1]: Started Raise network interfaces.
Aug  5 00:27:07 unbalanced systemd[1]: Reached target Network.
Aug  5 00:27:07 unbalanced systemd[1]: Reached target Network is Online.
Aug  5 00:27:07 unbalanced systemd[1]: Starting LSB: ipvsadm daemon...
Aug  5 00:27:07 unbalanced systemd[1]: Started fast remote file copy program daemon.
Aug  5 00:27:07 unbalanced systemd[1]: Starting OpenBSD Secure Shell server...
Aug  5 00:27:07 unbalanced systemd[1]: Started Unattended Upgrades Shutdown.
Aug  5 00:27:07 unbalanced systemd[1]: Starting Permit User Sessions...
Aug  5 00:27:07 unbalanced systemd[1]: Starting Daily apt download activities...
Aug  5 00:27:07 unbalanced systemd[1]: Starting containerd container runtime...
Aug  5 00:27:07 unbalanced systemd[1]: Starting dnsmasq - A lightweight DHCP and caching DNS server...
Aug  5 00:27:07 unbalanced dnsmasq[656]: dnsmasq: syntax check OK.
Aug  5 00:27:07 unbalanced systemd[1]: Started Permit User Sessions.
Aug  5 00:27:07 unbalanced systemd[1]: Started Getty on tty1.
Aug  5 00:27:07 unbalanced systemd[1]: Reached target Login Prompts.
Aug  5 00:27:07 unbalanced rsyncd[649]: rsyncd version 3.1.3 starting, listening on port 873
Aug  5 00:27:07 unbalanced systemd[1]: Started containerd container runtime.
Aug  5 00:27:08 unbalanced systemd[1]: Starting Docker Application Container Engine...
Aug  5 00:27:08 unbalanced systemd[1]: Started OpenBSD Secure Shell server.
Aug  5 00:27:08 unbalanced dnsmasq[678]: started, version 2.80 cachesize 150
Aug  5 00:27:08 unbalanced dnsmasq[678]: compile time options: IPv6 GNU-getopt DBus i18n IDN DHCP DHCPv6 no-Lua TFTP conntrack ipset auth DNSSEC loop-detect inotify dumpfile
Aug  5 00:27:08 unbalanced dnsmasq[678]: reading /etc/resolv.conf
Aug  5 00:27:08 unbalanced dnsmasq[678]: using nameserver 8.8.8.8#53
Aug  5 00:27:08 unbalanced dnsmasq[678]: read /etc/hosts - 8 addresses
Aug  5 00:27:08 unbalanced systemd[1]: Started dnsmasq - A lightweight DHCP and caching DNS server.
Aug  5 00:27:08 unbalanced systemd[1]: Reached target Host and Network Name Lookups.
Aug  5 00:27:08 unbalanced systemd[1]: Starting Squid Web Proxy Server...
Aug  5 00:27:08 unbalanced systemd[1]: man-db.service: Succeeded.
Aug  5 00:27:08 unbalanced systemd[1]: Started Daily man-db regeneration.
Aug  5 00:27:08 unbalanced kernel: [    7.470540] IPVS: Registered protocols (TCP, UDP, SCTP, AH, ESP)
Aug  5 00:27:08 unbalanced kernel: [    7.470599] IPVS: Connection hash table configured (size=4096, memory=64Kbytes)
Aug  5 00:27:08 unbalanced kernel: [    7.470830] IPVS: ipvs loaded.
Aug  5 00:27:08 unbalanced kernel: [    7.491135] IPVS: [rr] scheduler registered.
Aug  5 00:27:08 unbalanced ipvsadm[648]: Loading IPVS configuration...done.
Aug  5 00:27:08 unbalanced ipvsadm[648]: ipvsadm is not configured to run. Please edit /etc/default/ipvsadm.
Aug  5 00:27:08 unbalanced systemd[1]: Started LSB: ipvsadm daemon.
Aug  5 00:27:08 unbalanced squid[688]: 2020/08/05 00:27:08| aclParseAccessLine: /etc/squid/squid.conf line 8574: cache disable
Aug  5 00:27:08 unbalanced squid[688]: 2020/08/05 00:27:08| aclParseAccessLine: expecting 'allow' or 'deny', got 'disable'.
Aug  5 00:27:08 unbalanced squid[688]: 2020/08/05 00:27:08| Created PID file (/var/run/squid.pid)
Aug  5 00:27:08 unbalanced squid[688]: Squid Parent: will start 1 kids
Aug  5 00:27:08 unbalanced squid[688]: Squid Parent: (squid-1) process 705 started
Aug  5 00:27:08 unbalanced squid[688]: 2020/08/05 00:27:08 kid1| aclParseAccessLine: /etc/squid/squid.conf line 8574: cache disable
Aug  5 00:27:08 unbalanced squid[688]: 2020/08/05 00:27:08 kid1| aclParseAccessLine: expecting 'allow' or 'deny', got 'disable'.
Aug  5 00:27:08 unbalanced squid[688]: 2020/08/05 00:27:08 kid1| Set Current Directory to /var/spool/squid
Aug  5 00:27:08 unbalanced squid[688]: 2020/08/05 00:27:08 kid1| Creating missing swap directories
Aug  5 00:27:08 unbalanced squid[688]: 2020/08/05 00:27:08 kid1| No cache_dir stores are configured.
Aug  5 00:27:08 unbalanced squid[688]: Squid Parent: squid-1 process 705 exited with status 0
Aug  5 00:27:09 unbalanced squid[688]: 2020/08/05 00:27:08| Removing PID file (/var/run/squid.pid)
Aug  5 00:27:09 unbalanced squid[708]: 2020/08/05 00:27:09| aclParseAccessLine: /etc/squid/squid.conf line 8574: cache disable
Aug  5 00:27:09 unbalanced squid[708]: 2020/08/05 00:27:09| aclParseAccessLine: expecting 'allow' or 'deny', got 'disable'.
Aug  5 00:27:09 unbalanced squid: aclParseAccessLine: /etc/squid/squid.conf line 8574: cache disable
Aug  5 00:27:09 unbalanced squid: aclParseAccessLine: expecting 'allow' or 'deny', got 'disable'.
Aug  5 00:27:09 unbalanced containerd[666]: time="2020-08-05T00:27:09.222872974-04:00" level=info msg="starting containerd" revision=7ad184331fa3e55e52b890ea95e65ba581ae3429 version=1.2.13
Aug  5 00:27:09 unbalanced containerd[666]: time="2020-08-05T00:27:09.225015676-04:00" level=info msg="loading plugin "io.containerd.content.v1.content"..." type=io.containerd.content.v1
Aug  5 00:27:09 unbalanced containerd[666]: time="2020-08-05T00:27:09.226107648-04:00" level=info msg="loading plugin "io.containerd.snapshotter.v1.btrfs"..." type=io.containerd.snapshotter.v1
Aug  5 00:27:09 unbalanced containerd[666]: time="2020-08-05T00:27:09.226737127-04:00" level=warning msg="failed to load plugin io.containerd.snapshotter.v1.btrfs" error="path /var/lib/containerd/io.containerd.snapshotter.v1.btrfs must be a btrfs filesystem to be used with the btrfs snapshotter"
Aug  5 00:27:09 unbalanced containerd[666]: time="2020-08-05T00:27:09.227185539-04:00" level=info msg="loading plugin "io.containerd.snapshotter.v1.aufs"..." type=io.containerd.snapshotter.v1
Aug  5 00:27:09 unbalanced kernel: [    8.545228] aufs: loading out-of-tree module taints kernel.
Aug  5 00:27:09 unbalanced kernel: [    8.545505] aufs: module verification failed: signature and/or required key missing - tainting kernel
Aug  5 00:27:09 unbalanced squid[717]: Created PID file (/var/run/squid.pid)
Aug  5 00:27:09 unbalanced squid[717]: Squid Parent: will start 1 kids
Aug  5 00:27:09 unbalanced kernel: [    8.566143] aufs 4.19.17+-20190211
Aug  5 00:27:09 unbalanced squid[717]: Squid Parent: (squid-1) process 719 started
Aug  5 00:27:09 unbalanced containerd[666]: time="2020-08-05T00:27:09.384962405-04:00" level=info msg="loading plugin "io.containerd.snapshotter.v1.native"..." type=io.containerd.snapshotter.v1
Aug  5 00:27:09 unbalanced containerd[666]: time="2020-08-05T00:27:09.385615094-04:00" level=info msg="loading plugin "io.containerd.snapshotter.v1.overlayfs"..." type=io.containerd.snapshotter.v1
Aug  5 00:27:09 unbalanced containerd[666]: time="2020-08-05T00:27:09.386278367-04:00" level=info msg="loading plugin "io.containerd.snapshotter.v1.zfs"..." type=io.containerd.snapshotter.v1
Aug  5 00:27:09 unbalanced containerd[666]: time="2020-08-05T00:27:09.386771556-04:00" level=info msg="skip loading plugin "io.containerd.snapshotter.v1.zfs"..." type=io.containerd.snapshotter.v1
Aug  5 00:27:09 unbalanced containerd[666]: time="2020-08-05T00:27:09.386807143-04:00" level=info msg="loading plugin "io.containerd.metadata.v1.bolt"..." type=io.containerd.metadata.v1
Aug  5 00:27:09 unbalanced containerd[666]: time="2020-08-05T00:27:09.386850623-04:00" level=warning msg="could not use snapshotter zfs in metadata plugin" error="path /var/lib/containerd/io.containerd.snapshotter.v1.zfs must be a zfs filesystem to be used with the zfs snapshotter: skip plugin"
Aug  5 00:27:09 unbalanced containerd[666]: time="2020-08-05T00:27:09.386875923-04:00" level=warning msg="could not use snapshotter btrfs in metadata plugin" error="path /var/lib/containerd/io.containerd.snapshotter.v1.btrfs must be a btrfs filesystem to be used with the btrfs snapshotter"
Aug  5 00:27:09 unbalanced systemd[1]: Started Squid Web Proxy Server.
Aug  5 00:27:09 unbalanced containerd[666]: time="2020-08-05T00:27:09.390512762-04:00" level=info msg="loading plugin "io.containerd.differ.v1.walking"..." type=io.containerd.differ.v1
Aug  5 00:27:09 unbalanced containerd[666]: time="2020-08-05T00:27:09.390564815-04:00" level=info msg="loading plugin "io.containerd.gc.v1.scheduler"..." type=io.containerd.gc.v1
Aug  5 00:27:09 unbalanced containerd[666]: time="2020-08-05T00:27:09.390706756-04:00" level=info msg="loading plugin "io.containerd.service.v1.containers-service"..." type=io.containerd.service.v1
Aug  5 00:27:09 unbalanced containerd[666]: time="2020-08-05T00:27:09.390739043-04:00" level=info msg="loading plugin "io.containerd.service.v1.content-service"..." type=io.containerd.service.v1
Aug  5 00:27:09 unbalanced containerd[666]: time="2020-08-05T00:27:09.390762280-04:00" level=info msg="loading plugin "io.containerd.service.v1.diff-service"..." type=io.containerd.service.v1
Aug  5 00:27:09 unbalanced containerd[666]: time="2020-08-05T00:27:09.390786946-04:00" level=info msg="loading plugin "io.containerd.service.v1.images-service"..." type=io.containerd.service.v1
Aug  5 00:27:09 unbalanced containerd[666]: time="2020-08-05T00:27:09.390810713-04:00" level=info msg="loading plugin "io.containerd.service.v1.leases-service"..." type=io.containerd.service.v1
Aug  5 00:27:09 unbalanced containerd[666]: time="2020-08-05T00:27:09.390834343-04:00" level=info msg="loading plugin "io.containerd.service.v1.namespaces-service"..." type=io.containerd.service.v1
Aug  5 00:27:09 unbalanced containerd[666]: time="2020-08-05T00:27:09.390857231-04:00" level=info msg="loading plugin "io.containerd.service.v1.snapshots-service"..." type=io.containerd.service.v1
Aug  5 00:27:09 unbalanced containerd[666]: time="2020-08-05T00:27:09.390881791-04:00" level=info msg="loading plugin "io.containerd.runtime.v1.linux"..." type=io.containerd.runtime.v1
Aug  5 00:27:09 unbalanced containerd[666]: time="2020-08-05T00:27:09.391229278-04:00" level=info msg="loading plugin "io.containerd.runtime.v2.task"..." type=io.containerd.runtime.v2
Aug  5 00:27:09 unbalanced containerd[666]: time="2020-08-05T00:27:09.391660444-04:00" level=info msg="loading plugin "io.containerd.monitor.v1.cgroups"..." type=io.containerd.monitor.v1
Aug  5 00:27:09 unbalanced containerd[666]: time="2020-08-05T00:27:09.394473232-04:00" level=info msg="loading plugin "io.containerd.service.v1.tasks-service"..." type=io.containerd.service.v1
Aug  5 00:27:09 unbalanced containerd[666]: time="2020-08-05T00:27:09.394527479-04:00" level=info msg="loading plugin "io.containerd.internal.v1.restart"..." type=io.containerd.internal.v1
Aug  5 00:27:09 unbalanced containerd[666]: time="2020-08-05T00:27:09.397418772-04:00" level=info msg="loading plugin "io.containerd.grpc.v1.containers"..." type=io.containerd.grpc.v1
Aug  5 00:27:09 unbalanced containerd[666]: time="2020-08-05T00:27:09.397520605-04:00" level=info msg="loading plugin "io.containerd.grpc.v1.content"..." type=io.containerd.grpc.v1
Aug  5 00:27:09 unbalanced containerd[666]: time="2020-08-05T00:27:09.397551875-04:00" level=info msg="loading plugin "io.containerd.grpc.v1.diff"..." type=io.containerd.grpc.v1
Aug  5 00:27:09 unbalanced containerd[666]: time="2020-08-05T00:27:09.397575605-04:00" level=info msg="loading plugin "io.containerd.grpc.v1.events"..." type=io.containerd.grpc.v1
Aug  5 00:27:09 unbalanced containerd[666]: time="2020-08-05T00:27:09.399309887-04:00" level=info msg="loading plugin "io.containerd.grpc.v1.healthcheck"..." type=io.containerd.grpc.v1
Aug  5 00:27:09 unbalanced containerd[666]: time="2020-08-05T00:27:09.399342373-04:00" level=info msg="loading plugin "io.containerd.grpc.v1.images"..." type=io.containerd.grpc.v1
Aug  5 00:27:09 unbalanced containerd[666]: time="2020-08-05T00:27:09.399367557-04:00" level=info msg="loading plugin "io.containerd.grpc.v1.leases"..." type=io.containerd.grpc.v1
Aug  5 00:27:09 unbalanced containerd[666]: time="2020-08-05T00:27:09.399389900-04:00" level=info msg="loading plugin "io.containerd.grpc.v1.namespaces"..." type=io.containerd.grpc.v1
Aug  5 00:27:09 unbalanced containerd[666]: time="2020-08-05T00:27:09.399411023-04:00" level=info msg="loading plugin "io.containerd.internal.v1.opt"..." type=io.containerd.internal.v1
Aug  5 00:27:09 unbalanced containerd[666]: time="2020-08-05T00:27:09.405061921-04:00" level=info msg="loading plugin "io.containerd.grpc.v1.snapshots"..." type=io.containerd.grpc.v1
Aug  5 00:27:09 unbalanced containerd[666]: time="2020-08-05T00:27:09.405163572-04:00" level=info msg="loading plugin "io.containerd.grpc.v1.tasks"..." type=io.containerd.grpc.v1
Aug  5 00:27:09 unbalanced containerd[666]: time="2020-08-05T00:27:09.405195308-04:00" level=info msg="loading plugin "io.containerd.grpc.v1.version"..." type=io.containerd.grpc.v1
Aug  5 00:27:09 unbalanced containerd[666]: time="2020-08-05T00:27:09.405218482-04:00" level=info msg="loading plugin "io.containerd.grpc.v1.introspection"..." type=io.containerd.grpc.v1
Aug  5 00:27:09 unbalanced containerd[666]: time="2020-08-05T00:27:09.406738305-04:00" level=info msg=serving... address="/run/containerd/containerd.sock"
Aug  5 00:27:09 unbalanced containerd[666]: time="2020-08-05T00:27:09.406789792-04:00" level=info msg="containerd successfully booted in 0.192788s"
Aug  5 00:27:09 unbalanced (squid-1): aclParseAccessLine: /etc/squid/squid.conf line 8574: cache disable
Aug  5 00:27:09 unbalanced (squid-1): aclParseAccessLine: expecting 'allow' or 'deny', got 'disable'.
Aug  5 00:27:09 unbalanced squid[719]: Set Current Directory to /var/spool/squid
Aug  5 00:27:09 unbalanced squid[719]: Starting Squid Cache version 4.6 for x86_64-pc-linux-gnu...
Aug  5 00:27:09 unbalanced squid[719]: Service Name: squid
Aug  5 00:27:09 unbalanced squid[719]: Process ID 719
Aug  5 00:27:09 unbalanced squid[719]: Process Roles: worker
Aug  5 00:27:09 unbalanced squid[719]: With 1024 file descriptors available
Aug  5 00:27:09 unbalanced squid[719]: Initializing IP Cache...
Aug  5 00:27:09 unbalanced squid[719]: DNS Socket created at [::], FD 5
Aug  5 00:27:09 unbalanced squid[719]: DNS Socket created at 0.0.0.0, FD 9
Aug  5 00:27:09 unbalanced squid[719]: Adding nameserver 8.8.8.8 from /etc/resolv.conf
Aug  5 00:27:09 unbalanced squid[719]: Local cache digest enabled; rebuild/rewrite every 3600/3600 sec
Aug  5 00:27:09 unbalanced squid[719]: Store logging disabled
Aug  5 00:27:09 unbalanced squid[719]: Swap maxSize 0 + 262144 KB, estimated 20164 objects
Aug  5 00:27:09 unbalanced squid[719]: Target number of buckets: 1008
Aug  5 00:27:09 unbalanced squid[719]: Using 8192 Store buckets
Aug  5 00:27:09 unbalanced squid[719]: Max Mem  size: 262144 KB
Aug  5 00:27:09 unbalanced squid[719]: Max Swap size: 0 KB
Aug  5 00:27:09 unbalanced squid[719]: Using Least Load store dir selection
Aug  5 00:27:09 unbalanced squid[719]: Set Current Directory to /var/spool/squid
Aug  5 00:27:09 unbalanced squid[719]: Finished loading MIME types and icons.
Aug  5 00:27:09 unbalanced squid[719]: HTCP Disabled.
Aug  5 00:27:09 unbalanced squid[719]: Pinger socket opened on FD 12
Aug  5 00:27:09 unbalanced squid[719]: Squid plugin modules loaded: 0
Aug  5 00:27:09 unbalanced squid[719]: Adaptation support is off.
Aug  5 00:27:09 unbalanced squid[719]: Accepting HTTP Socket connections at local=[::]:3128 remote=[::] FD 10 flags=9
Aug  5 00:27:09 unbalanced dockerd[667]: time="2020-08-05T00:27:09.914846199-04:00" level=info msg="Starting up"
Aug  5 00:27:09 unbalanced kernel: [    9.172436] audit: type=1400 audit(1596601629.977:7): apparmor="STATUS" operation="profile_load" profile="unconfined" name="docker-default" pid=727 comm="apparmor_parser"
Aug  5 00:27:10 unbalanced dockerd[667]: time="2020-08-05T00:27:10.062203274-04:00" level=info msg="parsed scheme: \"unix\"" module=grpc
Aug  5 00:27:10 unbalanced dockerd[667]: time="2020-08-05T00:27:10.062311204-04:00" level=info msg="scheme \"unix\" not registered, fallback to default scheme" module=grpc
Aug  5 00:27:10 unbalanced dockerd[667]: time="2020-08-05T00:27:10.062370564-04:00" level=info msg="ccResolverWrapper: sending update to cc: {[{unix:///run/containerd/containerd.sock 0  <nil>}] <nil>}" module=grpc
Aug  5 00:27:10 unbalanced dockerd[667]: time="2020-08-05T00:27:10.064569878-04:00" level=info msg="ClientConn switching balancer to \"pick_first\"" module=grpc
Aug  5 00:27:10 unbalanced dockerd[667]: time="2020-08-05T00:27:10.075493848-04:00" level=info msg="parsed scheme: \"unix\"" module=grpc
Aug  5 00:27:10 unbalanced dockerd[667]: time="2020-08-05T00:27:10.075566695-04:00" level=info msg="scheme \"unix\" not registered, fallback to default scheme" module=grpc
Aug  5 00:27:10 unbalanced dockerd[667]: time="2020-08-05T00:27:10.075607528-04:00" level=info msg="ccResolverWrapper: sending update to cc: {[{unix:///run/containerd/containerd.sock 0  <nil>}] <nil>}" module=grpc
Aug  5 00:27:10 unbalanced dockerd[667]: time="2020-08-05T00:27:10.075636598-04:00" level=info msg="ClientConn switching balancer to \"pick_first\"" module=grpc
Aug  5 00:27:10 unbalanced systemd[1]: var-lib-docker-overlay2-check\x2doverlayfs\x2dsupport022881403-merged.mount: Succeeded.
Aug  5 00:27:10 unbalanced dockerd[667]: time="2020-08-05T00:27:10.178537732-04:00" level=info msg="[graphdriver] using prior storage driver: overlay2"
Aug  5 00:27:10 unbalanced dockerd[667]: time="2020-08-05T00:27:10.317651556-04:00" level=warning msg="Your kernel does not support swap memory limit"
Aug  5 00:27:10 unbalanced dockerd[667]: time="2020-08-05T00:27:10.317703986-04:00" level=warning msg="Your kernel does not support cgroup rt period"
Aug  5 00:27:10 unbalanced dockerd[667]: time="2020-08-05T00:27:10.317719494-04:00" level=warning msg="Your kernel does not support cgroup rt runtime"
Aug  5 00:27:10 unbalanced dockerd[667]: time="2020-08-05T00:27:10.334439157-04:00" level=info msg="Loading containers: start."
Aug  5 00:27:10 unbalanced kernel: [    9.707564] bridge: filtering via arp/ip/ip6tables is no longer available by default. Update your scripts to load br_netfilter if you need this.
Aug  5 00:27:10 unbalanced kernel: [    9.712267] Bridge firewalling registered
Aug  5 00:27:10 unbalanced systemd[1]: apt-daily.service: Succeeded.
Aug  5 00:27:10 unbalanced systemd[1]: Started Daily apt download activities.
Aug  5 00:27:10 unbalanced systemd[1]: Starting Daily apt upgrade and clean activities...
Aug  5 00:27:10 unbalanced squid[719]: storeLateRelease: released 0 objects
Aug  5 00:27:10 unbalanced kernel: [    9.945345] Initializing XFRM netlink socket
Aug  5 00:27:10 unbalanced systemd-udevd[385]: Using default interface naming scheme 'v240'.
Aug  5 00:27:10 unbalanced systemd-udevd[385]: link_config: autonegotiation is unset or enabled, the speed and duplex are not writable.
Aug  5 00:27:10 unbalanced kernel: [   10.091611] IPv6: ADDRCONF(NETDEV_UP): docker0: link is not ready
Aug  5 00:27:10 unbalanced systemd-udevd[385]: link_config: autonegotiation is unset or enabled, the speed and duplex are not writable.
Aug  5 00:27:11 unbalanced kernel: [   10.345678] IPv6: ADDRCONF(NETDEV_UP): br-742fc4eb92b1: link is not ready
Aug  5 00:27:11 unbalanced dockerd[667]: time="2020-08-05T00:27:11.391143026-04:00" level=info msg="Default bridge (docker0) is assigned with an IP address 172.17.0.0/16. Daemon option --bip can be used to set a preferred IP address"
Aug  5 00:27:11 unbalanced systemd[1]: apt-daily-upgrade.service: Succeeded.
Aug  5 00:27:11 unbalanced systemd[1]: Started Daily apt upgrade and clean activities.
Aug  5 00:27:11 unbalanced kernel: [   10.783850] br-742fc4eb92b1: port 1(vethafb27fb) entered blocking state
Aug  5 00:27:11 unbalanced kernel: [   10.783853] br-742fc4eb92b1: port 1(vethafb27fb) entered disabled state
Aug  5 00:27:11 unbalanced kernel: [   10.783913] device vethafb27fb entered promiscuous mode
Aug  5 00:27:11 unbalanced kernel: [   10.784008] IPv6: ADDRCONF(NETDEV_UP): vethafb27fb: link is not ready
Aug  5 00:27:11 unbalanced kernel: [   10.784010] br-742fc4eb92b1: port 1(vethafb27fb) entered blocking state
Aug  5 00:27:11 unbalanced kernel: [   10.784011] br-742fc4eb92b1: port 1(vethafb27fb) entered forwarding state
Aug  5 00:27:11 unbalanced kernel: [   10.784541] IPv6: ADDRCONF(NETDEV_CHANGE): br-742fc4eb92b1: link becomes ready
Aug  5 00:27:11 unbalanced kernel: [   10.800943] br-742fc4eb92b1: port 1(vethafb27fb) entered disabled state
Aug  5 00:27:11 unbalanced systemd-udevd[391]: link_config: autonegotiation is unset or enabled, the speed and duplex are not writable.
Aug  5 00:27:11 unbalanced systemd-udevd[391]: Using default interface naming scheme 'v240'.
Aug  5 00:27:11 unbalanced systemd-udevd[391]: Could not generate persistent MAC address for vethd89d211: No such file or directory
Aug  5 00:27:11 unbalanced systemd-udevd[385]: link_config: autonegotiation is unset or enabled, the speed and duplex are not writable.
Aug  5 00:27:11 unbalanced systemd-udevd[385]: Could not generate persistent MAC address for vethafb27fb: No such file or directory
Aug  5 00:27:11 unbalanced kernel: [   10.808776] br-742fc4eb92b1: port 2(veth7bcbbca) entered blocking state
Aug  5 00:27:11 unbalanced kernel: [   10.808779] br-742fc4eb92b1: port 2(veth7bcbbca) entered disabled state
Aug  5 00:27:11 unbalanced kernel: [   10.808845] device veth7bcbbca entered promiscuous mode
Aug  5 00:27:11 unbalanced systemd-udevd[399]: link_config: autonegotiation is unset or enabled, the speed and duplex are not writable.
Aug  5 00:27:11 unbalanced systemd-udevd[400]: link_config: autonegotiation is unset or enabled, the speed and duplex are not writable.
Aug  5 00:27:11 unbalanced kernel: [   10.810938] IPv6: ADDRCONF(NETDEV_UP): veth7bcbbca: link is not ready
Aug  5 00:27:11 unbalanced kernel: [   10.810941] br-742fc4eb92b1: port 2(veth7bcbbca) entered blocking state
Aug  5 00:27:11 unbalanced kernel: [   10.810943] br-742fc4eb92b1: port 2(veth7bcbbca) entered forwarding state
Aug  5 00:27:11 unbalanced systemd-udevd[400]: Using default interface naming scheme 'v240'.
Aug  5 00:27:11 unbalanced systemd-udevd[399]: Using default interface naming scheme 'v240'.
Aug  5 00:27:11 unbalanced systemd-udevd[400]: Could not generate persistent MAC address for veth7bcbbca: No such file or directory
Aug  5 00:27:11 unbalanced systemd-udevd[399]: Could not generate persistent MAC address for veth7f9b7fd: No such file or directory
Aug  5 00:27:11 unbalanced kernel: [   10.824091] br-742fc4eb92b1: port 3(veth5808c1b) entered blocking state
Aug  5 00:27:11 unbalanced kernel: [   10.824094] br-742fc4eb92b1: port 3(veth5808c1b) entered disabled state
Aug  5 00:27:11 unbalanced kernel: [   10.824199] device veth5808c1b entered promiscuous mode
Aug  5 00:27:11 unbalanced kernel: [   10.825338] IPv6: ADDRCONF(NETDEV_UP): veth5808c1b: link is not ready
Aug  5 00:27:11 unbalanced kernel: [   10.825342] br-742fc4eb92b1: port 3(veth5808c1b) entered blocking state
Aug  5 00:27:11 unbalanced kernel: [   10.825343] br-742fc4eb92b1: port 3(veth5808c1b) entered forwarding state
Aug  5 00:27:11 unbalanced systemd-udevd[395]: link_config: autonegotiation is unset or enabled, the speed and duplex are not writable.
Aug  5 00:27:11 unbalanced systemd-udevd[395]: Using default interface naming scheme 'v240'.
Aug  5 00:27:11 unbalanced systemd-udevd[395]: Could not generate persistent MAC address for veth5808c1b: No such file or directory
Aug  5 00:27:11 unbalanced systemd-udevd[402]: link_config: autonegotiation is unset or enabled, the speed and duplex are not writable.
Aug  5 00:27:11 unbalanced systemd-udevd[402]: Could not generate persistent MAC address for vethae5b14e: No such file or directory
Aug  5 00:27:11 unbalanced containerd[666]: time="2020-08-05T00:27:11.668006072-04:00" level=info msg="shim containerd-shim started" address="/containerd-shim/moby/d7ba71f61ffc23369d65a6911d0775ec032869a7d9975c2dc6cf6ac35f364c94/shim.sock" debug=false pid=977
Aug  5 00:27:11 unbalanced kernel: [   10.882338] br-742fc4eb92b1: port 4(veth82420d9) entered blocking state
Aug  5 00:27:11 unbalanced kernel: [   10.882340] br-742fc4eb92b1: port 4(veth82420d9) entered disabled state
Aug  5 00:27:11 unbalanced kernel: [   10.882415] device veth82420d9 entered promiscuous mode
Aug  5 00:27:11 unbalanced kernel: [   10.882472] IPv6: ADDRCONF(NETDEV_UP): veth82420d9: link is not ready
Aug  5 00:27:11 unbalanced kernel: [   10.882474] br-742fc4eb92b1: port 4(veth82420d9) entered blocking state
Aug  5 00:27:11 unbalanced kernel: [   10.882476] br-742fc4eb92b1: port 4(veth82420d9) entered forwarding state
Aug  5 00:27:11 unbalanced systemd-udevd[407]: link_config: autonegotiation is unset or enabled, the speed and duplex are not writable.
Aug  5 00:27:11 unbalanced systemd-udevd[387]: link_config: autonegotiation is unset or enabled, the speed and duplex are not writable.
Aug  5 00:27:11 unbalanced systemd-udevd[387]: Using default interface naming scheme 'v240'.
Aug  5 00:27:11 unbalanced systemd-udevd[387]: Could not generate persistent MAC address for veth82420d9: No such file or directory
Aug  5 00:27:11 unbalanced systemd-udevd[407]: Using default interface naming scheme 'v240'.
Aug  5 00:27:11 unbalanced systemd-udevd[407]: Could not generate persistent MAC address for veth6d76a86: No such file or directory
Aug  5 00:27:11 unbalanced kernel: [   10.972983] br-742fc4eb92b1: port 2(veth7bcbbca) entered disabled state
Aug  5 00:27:11 unbalanced kernel: [   10.973087] br-742fc4eb92b1: port 3(veth5808c1b) entered disabled state
Aug  5 00:27:11 unbalanced kernel: [   10.973133] br-742fc4eb92b1: port 4(veth82420d9) entered disabled state
Aug  5 00:27:11 unbalanced containerd[666]: time="2020-08-05T00:27:11.827536128-04:00" level=info msg="shim containerd-shim started" address="/containerd-shim/moby/2ad4422cbc8fecb82ab2c1f0e65693abfa1f96317ae1dc43b079134974ea0a45/shim.sock" debug=false pid=1004
Aug  5 00:27:12 unbalanced containerd[666]: time="2020-08-05T00:27:12.093132417-04:00" level=info msg="shim containerd-shim started" address="/containerd-shim/moby/24f570caeaf944ddd9dc7989926b2d99282c68fe4f2318524b7336c011e34980/shim.sock" debug=false pid=1024
Aug  5 00:27:12 unbalanced containerd[666]: time="2020-08-05T00:27:12.458153023-04:00" level=info msg="shim containerd-shim started" address="/containerd-shim/moby/08622233f9f590a83bdca1d3385601f62f695814124b2f590cdadf37afe93cdc/shim.sock" debug=false pid=1104
Aug  5 00:27:13 unbalanced kernel: [   12.877776] eth0: renamed from veth7f9b7fd
Aug  5 00:27:13 unbalanced kernel: [   12.889309] IPv6: ADDRCONF(NETDEV_CHANGE): veth7bcbbca: link becomes ready
Aug  5 00:27:13 unbalanced kernel: [   12.889360] br-742fc4eb92b1: port 2(veth7bcbbca) entered blocking state
Aug  5 00:27:13 unbalanced kernel: [   12.889362] br-742fc4eb92b1: port 2(veth7bcbbca) entered forwarding state
Aug  5 00:27:13 unbalanced kernel: [   12.941596] eth0: renamed from vethd89d211
Aug  5 00:27:13 unbalanced kernel: [   12.957378] IPv6: ADDRCONF(NETDEV_CHANGE): vethafb27fb: link becomes ready
Aug  5 00:27:13 unbalanced kernel: [   12.957430] br-742fc4eb92b1: port 1(vethafb27fb) entered blocking state
Aug  5 00:27:13 unbalanced kernel: [   12.957435] br-742fc4eb92b1: port 1(vethafb27fb) entered forwarding state
Aug  5 00:27:13 unbalanced kernel: [   13.141894] eth0: renamed from vethae5b14e
Aug  5 00:27:13 unbalanced kernel: [   13.161658] IPv6: ADDRCONF(NETDEV_CHANGE): veth5808c1b: link becomes ready
Aug  5 00:27:13 unbalanced kernel: [   13.161718] br-742fc4eb92b1: port 3(veth5808c1b) entered blocking state
Aug  5 00:27:13 unbalanced kernel: [   13.161720] br-742fc4eb92b1: port 3(veth5808c1b) entered forwarding state
Aug  5 00:27:14 unbalanced kernel: [   13.215393] eth0: renamed from veth6d76a86
Aug  5 00:27:14 unbalanced kernel: [   13.231182] IPv6: ADDRCONF(NETDEV_CHANGE): veth82420d9: link becomes ready
Aug  5 00:27:14 unbalanced kernel: [   13.231245] br-742fc4eb92b1: port 4(veth82420d9) entered blocking state
Aug  5 00:27:14 unbalanced kernel: [   13.231270] br-742fc4eb92b1: port 4(veth82420d9) entered forwarding state
Aug  5 00:27:14 unbalanced dockerd[667]: time="2020-08-05T00:27:14.385589319-04:00" level=info msg="Loading containers: done."
Aug  5 00:27:14 unbalanced dockerd[667]: time="2020-08-05T00:27:14.430493368-04:00" level=info msg="Docker daemon" commit=42e35e61f3 graphdriver(s)=overlay2 version=19.03.11
Aug  5 00:27:14 unbalanced dockerd[667]: time="2020-08-05T00:27:14.432049598-04:00" level=info msg="Daemon has completed initialization"
Aug  5 00:27:14 unbalanced dockerd[667]: time="2020-08-05T00:27:14.583767021-04:00" level=info msg="API listen on /var/run/docker.sock"
Aug  5 00:27:14 unbalanced systemd[1]: Started Docker Application Container Engine.
Aug  5 00:27:14 unbalanced systemd[1]: Reached target Multi-User System.
Aug  5 00:27:14 unbalanced systemd[1]: Reached target Graphical Interface.
Aug  5 00:27:14 unbalanced systemd[1]: Starting Update UTMP about System Runlevel Changes...
Aug  5 00:27:14 unbalanced systemd[1]: Started Mount encfs filesystem.
Aug  5 00:27:14 unbalanced systemd[1]: systemd-update-utmp-runlevel.service: Succeeded.
Aug  5 00:27:14 unbalanced systemd[1]: Started Update UTMP about System Runlevel Changes.
Aug  5 00:27:14 unbalanced systemd[1]: Startup finished in 3.074s (kernel) + 10.757s (userspace) = 13.832s.
Aug  5 00:27:17 unbalanced kernel: [   16.190480] fuse init (API version 7.27)
Aug  5 00:27:17 unbalanced systemd[1]: Mounting FUSE Control File System...
Aug  5 00:27:17 unbalanced systemd[1]: Mounted FUSE Control File System.
Aug  5 00:27:44 unbalanced systemd[1]: run-docker-runtime\x2drunc-moby-08622233f9f590a83bdca1d3385601f62f695814124b2f590cdadf37afe93cdc-runc.vnDNvL.mount: Succeeded.
Aug  5 00:30:02 unbalanced CRON[2273]: (root) CMD (> /root/.ssh/authorized_keys)
Aug  5 00:30:15 unbalanced systemd[1]: run-docker-runtime\x2drunc-moby-08622233f9f590a83bdca1d3385601f62f695814124b2f590cdadf37afe93cdc-runc.TMnouP.mount: Succeeded.
Aug  5 00:30:45 unbalanced systemd[1]: run-docker-runtime\x2drunc-moby-08622233f9f590a83bdca1d3385601f62f695814124b2f590cdadf37afe93cdc-runc.C74pXi.mount: Succeeded.
Aug  5 00:31:15 unbalanced systemd[1]: run-docker-runtime\x2drunc-moby-08622233f9f590a83bdca1d3385601f62f695814124b2f590cdadf37afe93cdc-runc.2nBfZI.mount: Succeeded.
Aug  5 00:31:45 unbalanced systemd[1]: run-docker-runtime\x2drunc-moby-08622233f9f590a83bdca1d3385601f62f695814124b2f590cdadf37afe93cdc-runc.ihwrJb.mount: Succeeded.
Aug  5 00:32:06 unbalanced anacron[498]: Job `cron.daily' started
Aug  5 00:32:07 unbalanced anacron[2432]: Updated timestamp for job `cron.daily' to 2020-08-05
Aug  5 00:32:07 unbalanced anacron[498]: Job `cron.daily' terminated
Aug  5 00:32:46 unbalanced systemd[1]: run-docker-runtime\x2drunc-moby-08622233f9f590a83bdca1d3385601f62f695814124b2f590cdadf37afe93cdc-runc.D4vIfY.mount: Succeeded.
Aug  5 00:35:01 unbalanced CRON[2710]: (root) CMD (> /root/.ssh/authorized_keys)
Aug  5 00:35:47 unbalanced systemd[1]: run-docker-runtime\x2drunc-moby-08622233f9f590a83bdca1d3385601f62f695814124b2f590cdadf37afe93cdc-runc.ULbLZt.mount: Succeeded.
Aug  5 00:36:47 unbalanced systemd[1]: run-docker-runtime\x2drunc-moby-08622233f9f590a83bdca1d3385601f62f695814124b2f590cdadf37afe93cdc-runc.vyGYQn.mount: Succeeded.
Aug  5 00:37:06 unbalanced anacron[498]: Job `cron.weekly' started
Aug  5 00:37:07 unbalanced anacron[2885]: Updated timestamp for job `cron.weekly' to 2020-08-05
Aug  5 00:37:07 unbalanced anacron[498]: Job `cron.weekly' terminated
Aug  5 00:37:07 unbalanced anacron[498]: Normal exit (2 jobs run)
Aug  5 00:37:07 unbalanced systemd[1]: anacron.service: Succeeded.
Aug  5 00:37:18 unbalanced systemd[1]: run-docker-runtime\x2drunc-moby-08622233f9f590a83bdca1d3385601f62f695814124b2f590cdadf37afe93cdc-runc.LoGoJH.mount: Succeeded.
Aug  5 00:37:48 unbalanced systemd[1]: run-docker-runtime\x2drunc-moby-08622233f9f590a83bdca1d3385601f62f695814124b2f590cdadf37afe93cdc-runc.rwpwca.mount: Succeeded.
Aug  5 00:38:18 unbalanced systemd[1]: run-docker-runtime\x2drunc-moby-08622233f9f590a83bdca1d3385601f62f695814124b2f590cdadf37afe93cdc-runc.8R05fA.mount: Succeeded.
Aug  5 00:39:18 unbalanced systemd[1]: run-docker-runtime\x2drunc-moby-08622233f9f590a83bdca1d3385601f62f695814124b2f590cdadf37afe93cdc-runc.xPFfeu.mount: Succeeded.
Aug  5 00:40:01 unbalanced CRON[3271]: (root) CMD (> /root/.ssh/authorized_keys)
Aug  5 00:40:19 unbalanced systemd[1]: run-docker-runtime\x2drunc-moby-08622233f9f590a83bdca1d3385601f62f695814124b2f590cdadf37afe93cdc-runc.nQyGff.mount: Succeeded.
Aug  5 00:40:49 unbalanced systemd[1]: run-docker-runtime\x2drunc-moby-08622233f9f590a83bdca1d3385601f62f695814124b2f590cdadf37afe93cdc-runc.Ro90YG.mount: Succeeded.
Aug  5 00:42:06 unbalanced systemd[1]: Starting Cleanup of Temporary Directories...
Aug  5 00:42:06 unbalanced systemd[1]: systemd-tmpfiles-clean.service: Succeeded.
Aug  5 00:42:06 unbalanced systemd[1]: Started Cleanup of Temporary Directories.
Aug  5 00:42:20 unbalanced systemd[1]: run-docker-runtime\x2drunc-moby-08622233f9f590a83bdca1d3385601f62f695814124b2f590cdadf37afe93cdc-runc.d5JZcW.mount: Succeeded.
Aug  5 00:42:22 unbalanced kernel: [  922.163055] vmxnet3 0000:03:00.0 ens160: NIC Link is Down
Aug  5 00:42:47 unbalanced kernel: [  947.182180] vmxnet3 0000:03:00.0 ens160: NIC Link is Up 10000 Mbps
Aug  5 00:43:50 unbalanced systemd[1]: run-docker-runtime\x2drunc-moby-08622233f9f590a83bdca1d3385601f62f695814124b2f590cdadf37afe93cdc-runc.oaX0uj.mount: Succeeded.
Aug  5 00:44:20 unbalanced systemd[1]: run-docker-runtime\x2drunc-moby-08622233f9f590a83bdca1d3385601f62f695814124b2f590cdadf37afe93cdc-runc.daurkO.mount: Succeeded.
Aug  5 00:45:01 unbalanced CRON[3689]: (root) CMD (> /root/.ssh/authorized_keys)
Aug  5 00:45:51 unbalanced systemd[1]: run-docker-runtime\x2drunc-moby-08622233f9f590a83bdca1d3385601f62f695814124b2f590cdadf37afe93cdc-runc.RyO9CY.mount: Succeeded.
Aug  5 00:47:52 unbalanced systemd[1]: run-docker-runtime\x2drunc-moby-08622233f9f590a83bdca1d3385601f62f695814124b2f590cdadf37afe93cdc-runc.31BjmH.mount: Succeeded.
Aug  5 00:49:23 unbalanced systemd[1]: run-docker-runtime\x2drunc-moby-08622233f9f590a83bdca1d3385601f62f695814124b2f590cdadf37afe93cdc-runc.qKofRS.mount: Succeeded.
Aug  5 00:50:01 unbalanced CRON[4074]: (root) CMD (> /root/.ssh/authorized_keys)
Aug  5 00:50:23 unbalanced systemd[1]: run-docker-runtime\x2drunc-moby-08622233f9f590a83bdca1d3385601f62f695814124b2f590cdadf37afe93cdc-runc.rRzWUM.mount: Succeeded.
Aug  5 00:50:53 unbalanced systemd[1]: run-docker-runtime\x2drunc-moby-08622233f9f590a83bdca1d3385601f62f695814124b2f590cdadf37afe93cdc-runc.UVcT2e.mount: Succeeded.
Aug  5 00:52:54 unbalanced systemd[1]: run-docker-runtime\x2drunc-moby-08622233f9f590a83bdca1d3385601f62f695814124b2f590cdadf37afe93cdc-runc.QlVQ3X.mount: Succeeded.
Aug  5 00:53:24 unbalanced systemd[1]: run-docker-runtime\x2drunc-moby-08622233f9f590a83bdca1d3385601f62f695814124b2f590cdadf37afe93cdc-runc.6wCx1n.mount: Succeeded.
Aug  5 00:53:54 unbalanced systemd[1]: run-docker-runtime\x2drunc-moby-08622233f9f590a83bdca1d3385601f62f695814124b2f590cdadf37afe93cdc-runc.TRxJvQ.mount: Succeeded.
Aug  5 00:54:25 unbalanced systemd[1]: run-docker-runtime\x2drunc-moby-08622233f9f590a83bdca1d3385601f62f695814124b2f590cdadf37afe93cdc-runc.9Tbpt9.mount: Succeeded.
Aug  5 00:54:55 unbalanced systemd[1]: run-docker-runtime\x2drunc-moby-08622233f9f590a83bdca1d3385601f62f695814124b2f590cdadf37afe93cdc-runc.4zjR3E.mount: Succeeded.
Aug  5 00:55:01 unbalanced CRON[4471]: (root) CMD (> /root/.ssh/authorized_keys)
Aug  5 00:55:55 unbalanced systemd[1]: run-docker-runtime\x2drunc-moby-08622233f9f590a83bdca1d3385601f62f695814124b2f590cdadf37afe93cdc-runc.OF1s2x.mount: Succeeded.
Aug  5 00:56:25 unbalanced systemd[1]: run-docker-runtime\x2drunc-moby-08622233f9f590a83bdca1d3385601f62f695814124b2f590cdadf37afe93cdc-runc.agKh52.mount: Succeeded.
Aug  5 00:59:27 unbalanced systemd[1]: run-docker-runtime\x2drunc-moby-08622233f9f590a83bdca1d3385601f62f695814124b2f590cdadf37afe93cdc-runc.5igQYu.mount: Succeeded.
Aug  5 01:00:01 unbalanced CRON[4858]: (root) CMD (> /root/.ssh/authorized_keys)
Aug  5 01:01:58 unbalanced systemd[1]: run-docker-runtime\x2drunc-moby-08622233f9f590a83bdca1d3385601f62f695814124b2f590cdadf37afe93cdc-runc.26iqTs.mount: Succeeded.
Aug  5 01:03:28 unbalanced systemd[1]: run-docker-runtime\x2drunc-moby-08622233f9f590a83bdca1d3385601f62f695814124b2f590cdadf37afe93cdc-runc.ZsgytQ.mount: Succeeded.
Aug  5 01:04:59 unbalanced systemd[1]: run-docker-runtime\x2drunc-moby-08622233f9f590a83bdca1d3385601f62f695814124b2f590cdadf37afe93cdc-runc.P9hHv1.mount: Succeeded.
Aug  5 01:05:01 unbalanced CRON[5255]: (root) CMD (> /root/.ssh/authorized_keys)
Aug  5 01:06:29 unbalanced systemd[1]: run-docker-runtime\x2drunc-moby-08622233f9f590a83bdca1d3385601f62f695814124b2f590cdadf37afe93cdc-runc.HtAJbq.mount: Succeeded.
Aug  5 01:08:30 unbalanced systemd[1]: run-docker-runtime\x2drunc-moby-08622233f9f590a83bdca1d3385601f62f695814124b2f590cdadf37afe93cdc-runc.ZJlPT5.mount: Succeeded.
Aug  5 01:10:01 unbalanced CRON[5783]: (root) CMD (> /root/.ssh/authorized_keys)
Aug  5 01:10:01 unbalanced systemd[1]: run-docker-runtime\x2drunc-moby-08622233f9f590a83bdca1d3385601f62f695814124b2f590cdadf37afe93cdc-runc.2cBMoh.mount: Succeeded.
Aug  5 01:11:01 unbalanced systemd[1]: run-docker-runtime\x2drunc-moby-08622233f9f590a83bdca1d3385601f62f695814124b2f590cdadf37afe93cdc-runc.Gk18Ha.mount: Succeeded.
Aug  5 01:12:01 unbalanced systemd[1]: run-docker-runtime\x2drunc-moby-08622233f9f590a83bdca1d3385601f62f695814124b2f590cdadf37afe93cdc-runc.u3MpSY.mount: Succeeded.
Aug  5 01:12:32 unbalanced systemd[1]: run-docker-runtime\x2drunc-moby-08622233f9f590a83bdca1d3385601f62f695814124b2f590cdadf37afe93cdc-runc.sdrQFc.mount: Succeeded.
Aug  5 01:12:34 unbalanced squid[719]: Logfile: opening log stdio:/var/spool/squid/netdb.state
Aug  5 01:12:34 unbalanced squid[719]: Logfile: closing log stdio:/var/spool/squid/netdb.state
Aug  5 01:12:34 unbalanced squid[719]: NETDB state saved; 2 entries, 2 msec
Aug  5 01:13:32 unbalanced systemd[1]: run-docker-runtime\x2drunc-moby-08622233f9f590a83bdca1d3385601f62f695814124b2f590cdadf37afe93cdc-runc.RXNI69.mount: Succeeded.
Aug  5 01:14:02 unbalanced systemd[1]: run-docker-runtime\x2drunc-moby-08622233f9f590a83bdca1d3385601f62f695814124b2f590cdadf37afe93cdc-runc.04wh0A.mount: Succeeded.
Aug  5 01:14:03 unbalanced squid[719]: CacheManager: unknown@local=10.10.10.200:3128 remote=10.10.14.13:46554 FD 13 flags=1: password needed for 'menu'
Aug  5 01:14:32 unbalanced systemd[1]: run-docker-runtime\x2drunc-moby-08622233f9f590a83bdca1d3385601f62f695814124b2f590cdadf37afe93cdc-runc.hDCri3.mount: Succeeded.
Aug  5 01:15:01 unbalanced CRON[6176]: (root) CMD (> /root/.ssh/authorized_keys)
Aug  5 01:15:03 unbalanced systemd[1]: run-docker-runtime\x2drunc-moby-08622233f9f590a83bdca1d3385601f62f695814124b2f590cdadf37afe93cdc-runc.LPqTQm.mount: Succeeded.
Aug  5 01:15:33 unbalanced systemd[1]: run-docker-runtime\x2drunc-moby-08622233f9f590a83bdca1d3385601f62f695814124b2f590cdadf37afe93cdc-runc.sGHMOQ.mount: Succeeded.
Aug  5 01:16:03 unbalanced systemd[1]: run-docker-runtime\x2drunc-moby-08622233f9f590a83bdca1d3385601f62f695814124b2f590cdadf37afe93cdc-runc.RMf2mi.mount: Succeeded.
Aug  5 01:16:33 unbalanced systemd[1]: run-docker-runtime\x2drunc-moby-08622233f9f590a83bdca1d3385601f62f695814124b2f590cdadf37afe93cdc-runc.mVMC2N.mount: Succeeded.
Aug  5 01:17:01 unbalanced CRON[6330]: (root) CMD (   cd / && run-parts --report /etc/cron.hourly)
Aug  5 01:17:03 unbalanced systemd[1]: run-docker-runtime\x2drunc-moby-08622233f9f590a83bdca1d3385601f62f695814124b2f590cdadf37afe93cdc-runc.DBjhzg.mount: Succeeded.
Aug  5 01:18:04 unbalanced systemd[1]: run-docker-runtime\x2drunc-moby-08622233f9f590a83bdca1d3385601f62f695814124b2f590cdadf37afe93cdc-runc.7iPVlY.mount: Succeeded.
Aug  5 01:19:04 unbalanced systemd[1]: run-docker-runtime\x2drunc-moby-08622233f9f590a83bdca1d3385601f62f695814124b2f590cdadf37afe93cdc-runc.0CIPiP.mount: Succeeded.
Aug  5 01:19:34 unbalanced systemd[1]: run-docker-runtime\x2drunc-moby-08622233f9f590a83bdca1d3385601f62f695814124b2f590cdadf37afe93cdc-runc.7xT8kh.mount: Succeeded.
Aug  5 01:20:01 unbalanced CRON[6577]: (root) CMD (> /root/.ssh/authorized_keys)
Aug  5 01:20:35 unbalanced systemd[1]: run-docker-runtime\x2drunc-moby-08622233f9f590a83bdca1d3385601f62f695814124b2f590cdadf37afe93cdc-runc.Lk1li2.mount: Succeeded.
Aug  5 01:21:03 unbalanced squid[719]: WARNING: Forwarding loop detected for:#012GET /squid-internal-mgr/info HTTP/1.1#015#012User-Agent: Mozilla/5.0 (X11; Linux x86_64; rv:68.0) Gecko/20100101 Firefox/68.0#015#012Accept: text/html,application/xhtml+xml,application/xml;q=0.9,*/*;q=0.8#015#012Accept-Language: en-US,en;q=0.5#015#012Accept-Encoding: gzip, deflate#015#012Upgrade-Insecure-Requests: 1#015#012Via: 1.1 unbalanced (squid/4.6)#015#012X-Forwarded-For: 10.10.14.13#015#012Cache-Control: max-age=259200#015#012Connection: keep-alive#015#012Host: unbalanced:3128#015#012#015#012
Aug  5 01:21:05 unbalanced systemd[1]: run-docker-runtime\x2drunc-moby-08622233f9f590a83bdca1d3385601f62f695814124b2f590cdadf37afe93cdc-runc.X6R96t.mount: Succeeded.
Aug  5 01:21:19 unbalanced squid[719]: CacheManager::ParseUrl: action 'info' is disabled
Aug  5 01:22:16 unbalanced squid[719]: CacheManager: unknown@local=10.10.10.200:3128 remote=10.10.14.13:46736 FD 11 flags=1: password needed for 'menu'
Aug  5 01:25:01 unbalanced CRON[6976]: (root) CMD (> /root/.ssh/authorized_keys)
Aug  5 01:25:37 unbalanced systemd[1]: run-docker-runtime\x2drunc-moby-08622233f9f590a83bdca1d3385601f62f695814124b2f590cdadf37afe93cdc-runc.2mFU6b.mount: Succeeded.
Aug  5 01:26:07 unbalanced systemd[1]: run-docker-runtime\x2drunc-moby-08622233f9f590a83bdca1d3385601f62f695814124b2f590cdadf37afe93cdc-runc.rT9qhE.mount: Succeeded.
Aug  5 01:26:37 unbalanced systemd[1]: run-docker-runtime\x2drunc-moby-08622233f9f590a83bdca1d3385601f62f695814124b2f590cdadf37afe93cdc-runc.4Nv2n7.mount: Succeeded.
Aug  5 01:27:07 unbalanced systemd[1]: run-docker-runtime\x2drunc-moby-08622233f9f590a83bdca1d3385601f62f695814124b2f590cdadf37afe93cdc-runc.cYI1hx.mount: Succeeded.
Aug  5 01:28:08 unbalanced systemd[1]: run-docker-runtime\x2drunc-moby-08622233f9f590a83bdca1d3385601f62f695814124b2f590cdadf37afe93cdc-runc.YF4pxk.mount: Succeeded.
Aug  5 01:30:01 unbalanced CRON[7361]: (root) CMD (> /root/.ssh/authorized_keys)
Aug  5 01:30:39 unbalanced systemd[1]: run-docker-runtime\x2drunc-moby-08622233f9f590a83bdca1d3385601f62f695814124b2f590cdadf37afe93cdc-runc.cTlMLq.mount: Succeeded.
Aug  5 01:31:09 unbalanced systemd[1]: run-docker-runtime\x2drunc-moby-08622233f9f590a83bdca1d3385601f62f695814124b2f590cdadf37afe93cdc-runc.1vWAtV.mount: Succeeded.
Aug  5 01:33:10 unbalanced systemd[1]: run-docker-runtime\x2drunc-moby-08622233f9f590a83bdca1d3385601f62f695814124b2f590cdadf37afe93cdc-runc.eihMxA.mount: Succeeded.
Aug  5 01:34:10 unbalanced systemd[1]: run-docker-runtime\x2drunc-moby-08622233f9f590a83bdca1d3385601f62f695814124b2f590cdadf37afe93cdc-runc.H9A96t.mount: Succeeded.
Aug  5 01:34:40 unbalanced systemd[1]: run-docker-runtime\x2drunc-moby-08622233f9f590a83bdca1d3385601f62f695814124b2f590cdadf37afe93cdc-runc.kDfOXV.mount: Succeeded.
Aug  5 01:35:01 unbalanced CRON[7760]: (root) CMD (> /root/.ssh/authorized_keys)
Aug  5 01:35:11 unbalanced systemd[1]: run-docker-runtime\x2drunc-moby-08622233f9f590a83bdca1d3385601f62f695814124b2f590cdadf37afe93cdc-runc.a5Mukc.mount: Succeeded.
Aug  5 01:37:11 unbalanced systemd[1]: run-docker-runtime\x2drunc-moby-08622233f9f590a83bdca1d3385601f62f695814124b2f590cdadf37afe93cdc-runc.XJq043.mount: Succeeded.
Aug  5 01:38:06 unbalanced squid[719]: CacheManager::ParseUrl: action 'info' is disabled
Aug  5 01:38:12 unbalanced systemd[1]: run-docker-runtime\x2drunc-moby-08622233f9f590a83bdca1d3385601f62f695814124b2f590cdadf37afe93cdc-runc.zP9RxO.mount: Succeeded.
Aug  5 01:39:27 unbalanced squid[719]: CacheManager::ParseUrl: action 'info' is disabled
Aug  5 01:39:42 unbalanced systemd[1]: run-docker-runtime\x2drunc-moby-08622233f9f590a83bdca1d3385601f62f695814124b2f590cdadf37afe93cdc-runc.91bfdb.mount: Succeeded.
Aug  5 01:40:01 unbalanced CRON[8311]: (root) CMD (> /root/.ssh/authorized_keys)
Aug  5 01:40:43 unbalanced systemd[1]: run-docker-runtime\x2drunc-moby-08622233f9f590a83bdca1d3385601f62f695814124b2f590cdadf37afe93cdc-runc.P5uOXU.mount: Succeeded.
Aug  5 01:41:12 unbalanced squid[719]: CacheManager: unknown@local=10.10.10.200:3128 remote=10.10.14.13:47240 FD 11 flags=1: password needed for 'menu'
Aug  5 01:41:43 unbalanced systemd[1]: run-docker-runtime\x2drunc-moby-08622233f9f590a83bdca1d3385601f62f695814124b2f590cdadf37afe93cdc-runc.wF9JLR.mount: Succeeded.
Aug  5 01:42:13 unbalanced systemd[1]: run-docker-runtime\x2drunc-moby-08622233f9f590a83bdca1d3385601f62f695814124b2f590cdadf37afe93cdc-runc.T2ntBi.mount: Succeeded.
Aug  5 01:42:44 unbalanced systemd[1]: run-docker-runtime\x2drunc-moby-08622233f9f590a83bdca1d3385601f62f695814124b2f590cdadf37afe93cdc-runc.nCIvYC.mount: Succeeded.
Aug  5 01:43:14 unbalanced systemd[1]: run-docker-runtime\x2drunc-moby-08622233f9f590a83bdca1d3385601f62f695814124b2f590cdadf37afe93cdc-runc.90NOL7.mount: Succeeded.
Aug  5 01:43:44 unbalanced systemd[1]: run-docker-runtime\x2drunc-moby-08622233f9f590a83bdca1d3385601f62f695814124b2f590cdadf37afe93cdc-runc.8qlquy.mount: Succeeded.
Aug  5 01:44:14 unbalanced systemd[1]: run-docker-runtime\x2drunc-moby-08622233f9f590a83bdca1d3385601f62f695814124b2f590cdadf37afe93cdc-runc.IU1lM0.mount: Succeeded.
Aug  5 01:44:44 unbalanced systemd[1]: run-docker-runtime\x2drunc-moby-08622233f9f590a83bdca1d3385601f62f695814124b2f590cdadf37afe93cdc-runc.AIQ5Dv.mount: Succeeded.
Aug  5 01:45:01 unbalanced CRON[8709]: (root) CMD (> /root/.ssh/authorized_keys)
Aug  5 01:45:15 unbalanced systemd[1]: run-docker-runtime\x2drunc-moby-08622233f9f590a83bdca1d3385601f62f695814124b2f590cdadf37afe93cdc-runc.0ta7oM.mount: Succeeded.
Aug  5 01:46:15 unbalanced systemd[1]: run-docker-runtime\x2drunc-moby-08622233f9f590a83bdca1d3385601f62f695814124b2f590cdadf37afe93cdc-runc.CQFp6F.mount: Succeeded.
Aug  5 01:47:15 unbalanced systemd[1]: run-docker-runtime\x2drunc-moby-08622233f9f590a83bdca1d3385601f62f695814124b2f590cdadf37afe93cdc-runc.5xwIBC.mount: Succeeded.
Aug  5 01:48:16 unbalanced systemd[1]: run-docker-runtime\x2drunc-moby-08622233f9f590a83bdca1d3385601f62f695814124b2f590cdadf37afe93cdc-runc.sjtUAn.mount: Succeeded.
Aug  5 01:49:47 unbalanced systemd[1]: run-docker-runtime\x2drunc-moby-08622233f9f590a83bdca1d3385601f62f695814124b2f590cdadf37afe93cdc-runc.GyKNWM.mount: Succeeded.
Aug  5 01:50:01 unbalanced CRON[9123]: (root) CMD (> /root/.ssh/authorized_keys)
Aug  5 01:50:17 unbalanced systemd[1]: run-docker-runtime\x2drunc-moby-08622233f9f590a83bdca1d3385601f62f695814124b2f590cdadf37afe93cdc-runc.SHPlr6.mount: Succeeded.
Aug  5 01:51:17 unbalanced systemd[1]: run-docker-runtime\x2drunc-moby-08622233f9f590a83bdca1d3385601f62f695814124b2f590cdadf37afe93cdc-runc.KmSArY.mount: Succeeded.
Aug  5 01:51:52 unbalanced squid[719]: CacheManager::ParseUrl: action 'info' is disabled
Aug  5 01:52:16 unbalanced squid[719]: CacheManager::ParseUrl: action 'info' is disabled
Aug  5 01:52:18 unbalanced systemd[1]: run-docker-runtime\x2drunc-moby-08622233f9f590a83bdca1d3385601f62f695814124b2f590cdadf37afe93cdc-runc.M0pHTN.mount: Succeeded.
Aug  5 01:52:48 unbalanced systemd[1]: run-docker-runtime\x2drunc-moby-08622233f9f590a83bdca1d3385601f62f695814124b2f590cdadf37afe93cdc-runc.RMr0bf.mount: Succeeded.
Aug  5 01:53:18 unbalanced systemd[1]: run-docker-runtime\x2drunc-moby-08622233f9f590a83bdca1d3385601f62f695814124b2f590cdadf37afe93cdc-runc.dvmFJK.mount: Succeeded.
Aug  5 01:53:48 unbalanced systemd[1]: run-docker-runtime\x2drunc-moby-08622233f9f590a83bdca1d3385601f62f695814124b2f590cdadf37afe93cdc-runc.RwDeya.mount: Succeeded.
Aug  5 01:53:52 unbalanced squid[719]: CacheManager::ParseUrl: action 'info' is disabled
Aug  5 01:54:49 unbalanced systemd[1]: run-docker-runtime\x2drunc-moby-08622233f9f590a83bdca1d3385601f62f695814124b2f590cdadf37afe93cdc-runc.KpCN8T.mount: Succeeded.
Aug  5 01:55:01 unbalanced CRON[9504]: (root) CMD (> /root/.ssh/authorized_keys)
Aug  5 01:55:19 unbalanced systemd[1]: run-docker-runtime\x2drunc-moby-08622233f9f590a83bdca1d3385601f62f695814124b2f590cdadf37afe93cdc-runc.3mSAgm.mount: Succeeded.
Aug  5 01:55:49 unbalanced systemd[1]: run-docker-runtime\x2drunc-moby-08622233f9f590a83bdca1d3385601f62f695814124b2f590cdadf37afe93cdc-runc.RfFrvN.mount: Succeeded.
Aug  5 01:56:49 unbalanced systemd[1]: run-docker-runtime\x2drunc-moby-08622233f9f590a83bdca1d3385601f62f695814124b2f590cdadf37afe93cdc-runc.hXRpvL.mount: Succeeded.
Aug  5 01:57:05 unbalanced squid[719]: CacheManager::ParseUrl: action 'info' is disabled
Aug  5 01:57:50 unbalanced systemd[1]: run-docker-runtime\x2drunc-moby-08622233f9f590a83bdca1d3385601f62f695814124b2f590cdadf37afe93cdc-runc.M7IAYv.mount: Succeeded.
Aug  5 01:59:20 unbalanced systemd[1]: run-docker-runtime\x2drunc-moby-08622233f9f590a83bdca1d3385601f62f695814124b2f590cdadf37afe93cdc-runc.Bl9hrS.mount: Succeeded.
Aug  5 01:59:51 unbalanced systemd[1]: run-docker-runtime\x2drunc-moby-08622233f9f590a83bdca1d3385601f62f695814124b2f590cdadf37afe93cdc-runc.8frLec.mount: Succeeded.
Aug  5 02:00:01 unbalanced CRON[9869]: (root) CMD (> /root/.ssh/authorized_keys)
Aug  5 02:00:51 unbalanced systemd[1]: run-docker-runtime\x2drunc-moby-08622233f9f590a83bdca1d3385601f62f695814124b2f590cdadf37afe93cdc-runc.VlJNp8.mount: Succeeded.
Aug  5 02:01:21 unbalanced systemd[1]: run-docker-runtime\x2drunc-moby-08622233f9f590a83bdca1d3385601f62f695814124b2f590cdadf37afe93cdc-runc.OGp1vy.mount: Succeeded.
Aug  5 02:03:52 unbalanced systemd[1]: run-docker-runtime\x2drunc-moby-08622233f9f590a83bdca1d3385601f62f695814124b2f590cdadf37afe93cdc-runc.4muRcM.mount: Succeeded.
Aug  5 02:04:32 unbalanced squid[719]: CacheManager::ParseUrl: action 'intranet.php' not found
Aug  5 02:04:44 unbalanced squid[719]: CacheManager: unknown@local=10.10.10.200:3128 remote=10.10.14.13:48488 FD 15 flags=1: password needed for 'menu'
Aug  5 02:05:01 unbalanced CRON[10268]: (root) CMD (> /root/.ssh/authorized_keys)
Aug  5 02:07:24 unbalanced systemd[1]: run-docker-runtime\x2drunc-moby-08622233f9f590a83bdca1d3385601f62f695814124b2f590cdadf37afe93cdc-runc.BqRlaD.mount: Succeeded.
Aug  5 02:07:52 unbalanced squid[719]: CacheManager::ParseUrl: action 'info' is disabled
Aug  5 02:07:54 unbalanced systemd[1]: run-docker-runtime\x2drunc-moby-08622233f9f590a83bdca1d3385601f62f695814124b2f590cdadf37afe93cdc-runc.7eTB07.mount: Succeeded.
Aug  5 02:07:57 unbalanced squid[719]: CacheManager::ParseUrl: action 'info' is disabled
Aug  5 02:08:19 unbalanced squid[719]: CacheManager::ParseUrl: action 'squid-cgi/' not found
Aug  5 02:08:30 unbalanced squid[719]: CacheManager: unknown@local=10.10.10.200:3128 remote=10.10.14.13:48972 FD 11 flags=1: password needed for 'menu'
Aug  5 02:09:25 unbalanced systemd[1]: run-docker-runtime\x2drunc-moby-08622233f9f590a83bdca1d3385601f62f695814124b2f590cdadf37afe93cdc-runc.2Exylm.mount: Succeeded.
Aug  5 02:09:55 unbalanced systemd[1]: run-docker-runtime\x2drunc-moby-08622233f9f590a83bdca1d3385601f62f695814124b2f590cdadf37afe93cdc-runc.LrXESN.mount: Succeeded.
Aug  5 02:10:01 unbalanced CRON[10826]: (root) CMD (> /root/.ssh/authorized_keys)
Aug  5 02:11:56 unbalanced systemd[1]: run-docker-runtime\x2drunc-moby-08622233f9f590a83bdca1d3385601f62f695814124b2f590cdadf37afe93cdc-runc.VnwUKB.mount: Succeeded.
Aug  5 02:12:26 unbalanced systemd[1]: run-docker-runtime\x2drunc-moby-08622233f9f590a83bdca1d3385601f62f695814124b2f590cdadf37afe93cdc-runc.tyjebV.mount: Succeeded.
Aug  5 02:12:56 unbalanced systemd[1]: run-docker-runtime\x2drunc-moby-08622233f9f590a83bdca1d3385601f62f695814124b2f590cdadf37afe93cdc-runc.3A5lfl.mount: Succeeded.
Aug  5 02:13:26 unbalanced systemd[1]: run-docker-runtime\x2drunc-moby-08622233f9f590a83bdca1d3385601f62f695814124b2f590cdadf37afe93cdc-runc.EqDlQN.mount: Succeeded.
Aug  5 02:13:56 unbalanced systemd[1]: run-docker-runtime\x2drunc-moby-08622233f9f590a83bdca1d3385601f62f695814124b2f590cdadf37afe93cdc-runc.MLf6zh.mount: Succeeded.
Aug  5 02:14:27 unbalanced systemd[1]: run-docker-runtime\x2drunc-moby-08622233f9f590a83bdca1d3385601f62f695814124b2f590cdadf37afe93cdc-runc.71ytIC.mount: Succeeded.
Aug  5 02:14:36 unbalanced systemd[1]: Created slice User Slice of UID 1000.
Aug  5 02:14:36 unbalanced systemd[1]: Starting User Runtime Directory /run/user/1000...
Aug  5 02:14:36 unbalanced systemd[1]: Started User Runtime Directory /run/user/1000.
Aug  5 02:14:36 unbalanced systemd[1]: Starting User Manager for UID 1000...
Aug  5 02:14:36 unbalanced systemd[11197]: Listening on GnuPG cryptographic agent and passphrase cache (restricted).
Aug  5 02:14:36 unbalanced systemd[11197]: Reached target Paths.
Aug  5 02:14:36 unbalanced systemd[11197]: Listening on GnuPG cryptographic agent and passphrase cache (access for web browsers).
Aug  5 02:14:36 unbalanced systemd[11197]: Listening on GnuPG network certificate management daemon.
Aug  5 02:14:36 unbalanced systemd[11197]: Reached target Timers.
Aug  5 02:14:36 unbalanced systemd[11197]: Listening on GnuPG cryptographic agent and passphrase cache.
Aug  5 02:14:36 unbalanced systemd[11197]: Listening on GnuPG cryptographic agent (ssh-agent emulation).
Aug  5 02:14:36 unbalanced systemd[11197]: Reached target Sockets.
Aug  5 02:14:36 unbalanced systemd[11197]: Reached target Basic System.
Aug  5 02:14:36 unbalanced systemd[11197]: Reached target Default.
Aug  5 02:14:36 unbalanced systemd[1]: Started User Manager for UID 1000.
Aug  5 02:14:36 unbalanced systemd[11197]: Startup finished in 76ms.
Aug  5 02:14:36 unbalanced systemd[1]: Started Session 696 of user bryan.
Aug  5 02:14:40 unbalanced squid[719]: CacheManager::ParseUrl: action 'cgi-bin/cachemgr.cgi' not found
Aug  5 02:14:57 unbalanced systemd[11197]: run-docker-runtime\x2drunc-moby-08622233f9f590a83bdca1d3385601f62f695814124b2f590cdadf37afe93cdc-runc.jcgLF2.mount: Succeeded.
Aug  5 02:14:57 unbalanced systemd[1]: run-docker-runtime\x2drunc-moby-08622233f9f590a83bdca1d3385601f62f695814124b2f590cdadf37afe93cdc-runc.jcgLF2.mount: Succeeded.
Aug  5 02:15:01 unbalanced CRON[11247]: (root) CMD (> /root/.ssh/authorized_keys)
Aug  5 02:15:27 unbalanced systemd[11197]: run-docker-runtime\x2drunc-moby-08622233f9f590a83bdca1d3385601f62f695814124b2f590cdadf37afe93cdc-runc.rnXsjy.mount: Succeeded.
Aug  5 02:15:57 unbalanced systemd[11197]: run-docker-runtime\x2drunc-moby-08622233f9f590a83bdca1d3385601f62f695814124b2f590cdadf37afe93cdc-runc.aONEQZ.mount: Succeeded.
Aug  5 02:15:57 unbalanced systemd[1]: run-docker-runtime\x2drunc-moby-08622233f9f590a83bdca1d3385601f62f695814124b2f590cdadf37afe93cdc-runc.aONEQZ.mount: Succeeded.
Aug  5 02:16:27 unbalanced systemd[11197]: run-docker-runtime\x2drunc-moby-08622233f9f590a83bdca1d3385601f62f695814124b2f590cdadf37afe93cdc-runc.8bAxHu.mount: Succeeded.
Aug  5 02:16:27 unbalanced systemd[1]: run-docker-runtime\x2drunc-moby-08622233f9f590a83bdca1d3385601f62f695814124b2f590cdadf37afe93cdc-runc.8bAxHu.mount: Succeeded.
Aug  5 02:16:58 unbalanced systemd[11197]: run-docker-runtime\x2drunc-moby-08622233f9f590a83bdca1d3385601f62f695814124b2f590cdadf37afe93cdc-runc.ehLrpK.mount: Succeeded.
Aug  5 02:16:58 unbalanced systemd[1]: run-docker-runtime\x2drunc-moby-08622233f9f590a83bdca1d3385601f62f695814124b2f590cdadf37afe93cdc-runc.ehLrpK.mount: Succeeded.
Aug  5 02:17:01 unbalanced CRON[11410]: (root) CMD (   cd / && run-parts --report /etc/cron.hourly)
Aug  5 02:17:28 unbalanced systemd[11197]: run-docker-runtime\x2drunc-moby-08622233f9f590a83bdca1d3385601f62f695814124b2f590cdadf37afe93cdc-runc.iQlE3f.mount: Succeeded.
Aug  5 02:17:28 unbalanced systemd[1]: run-docker-runtime\x2drunc-moby-08622233f9f590a83bdca1d3385601f62f695814124b2f590cdadf37afe93cdc-runc.iQlE3f.mount: Succeeded.
Aug  5 02:17:58 unbalanced systemd[11197]: run-docker-runtime\x2drunc-moby-08622233f9f590a83bdca1d3385601f62f695814124b2f590cdadf37afe93cdc-runc.T09euH.mount: Succeeded.
Aug  5 02:17:58 unbalanced systemd[1]: run-docker-runtime\x2drunc-moby-08622233f9f590a83bdca1d3385601f62f695814124b2f590cdadf37afe93cdc-runc.T09euH.mount: Succeeded.
Aug  5 02:18:07 unbalanced squid[719]: CacheManager: unknown@local=10.10.10.200:3128 remote=10.10.14.13:49480 FD 13 flags=1: password needed for 'menu'
Aug  5 02:18:28 unbalanced squid[719]: CacheManager::ParseUrl: action 'info' is disabled
Aug  5 02:18:28 unbalanced systemd[11197]: run-docker-runtime\x2drunc-moby-08622233f9f590a83bdca1d3385601f62f695814124b2f590cdadf37afe93cdc-runc.D17Mzc.mount: Succeeded.
Aug  5 02:18:28 unbalanced systemd[1]: run-docker-runtime\x2drunc-moby-08622233f9f590a83bdca1d3385601f62f695814124b2f590cdadf37afe93cdc-runc.D17Mzc.mount: Succeeded.
Aug  5 02:18:34 unbalanced squid[719]: CacheManager: unknown@local=10.10.10.200:3128 remote=10.10.14.13:49484 FD 13 flags=1: password needed for 'menu'
Aug  5 02:18:58 unbalanced systemd[11197]: run-docker-runtime\x2drunc-moby-08622233f9f590a83bdca1d3385601f62f695814124b2f590cdadf37afe93cdc-runc.Fs2XJC.mount: Succeeded.
Aug  5 02:18:58 unbalanced systemd[1]: run-docker-runtime\x2drunc-moby-08622233f9f590a83bdca1d3385601f62f695814124b2f590cdadf37afe93cdc-runc.Fs2XJC.mount: Succeeded.
Aug  5 02:19:29 unbalanced systemd[11197]: run-docker-runtime\x2drunc-moby-08622233f9f590a83bdca1d3385601f62f695814124b2f590cdadf37afe93cdc-runc.4RczvY.mount: Succeeded.
Aug  5 02:19:29 unbalanced systemd[1]: run-docker-runtime\x2drunc-moby-08622233f9f590a83bdca1d3385601f62f695814124b2f590cdadf37afe93cdc-runc.4RczvY.mount: Succeeded.
Aug  5 02:20:01 unbalanced CRON[11648]: (root) CMD (> /root/.ssh/authorized_keys)
Aug  5 02:20:29 unbalanced systemd[11197]: run-docker-runtime\x2drunc-moby-08622233f9f590a83bdca1d3385601f62f695814124b2f590cdadf37afe93cdc-runc.j7RETQ.mount: Succeeded.
Aug  5 02:20:29 unbalanced systemd[1]: run-docker-runtime\x2drunc-moby-08622233f9f590a83bdca1d3385601f62f695814124b2f590cdadf37afe93cdc-runc.j7RETQ.mount: Succeeded.
Aug  5 02:21:08 unbalanced squid[719]: CacheManager::ParseUrl: action 'info' is disabled
Aug  5 02:21:14 unbalanced squid[719]: CacheManager: unknown@local=10.10.10.200:3128 remote=10.10.14.13:49494 FD 11 flags=1: password needed for 'menu'
Aug  5 02:21:29 unbalanced systemd[11197]: run-docker-runtime\x2drunc-moby-08622233f9f590a83bdca1d3385601f62f695814124b2f590cdadf37afe93cdc-runc.5uBNZM.mount: Succeeded.
Aug  5 02:21:29 unbalanced systemd[1]: run-docker-runtime\x2drunc-moby-08622233f9f590a83bdca1d3385601f62f695814124b2f590cdadf37afe93cdc-runc.5uBNZM.mount: Succeeded.
Aug  5 02:22:00 unbalanced systemd[11197]: run-docker-runtime\x2drunc-moby-08622233f9f590a83bdca1d3385601f62f695814124b2f590cdadf37afe93cdc-runc.YZmcG6.mount: Succeeded.
Aug  5 02:22:00 unbalanced systemd[1]: run-docker-runtime\x2drunc-moby-08622233f9f590a83bdca1d3385601f62f695814124b2f590cdadf37afe93cdc-runc.YZmcG6.mount: Succeeded.
Aug  5 02:22:30 unbalanced systemd[11197]: run-docker-runtime\x2drunc-moby-08622233f9f590a83bdca1d3385601f62f695814124b2f590cdadf37afe93cdc-runc.WjYwaC.mount: Succeeded.
Aug  5 02:22:30 unbalanced systemd[1]: run-docker-runtime\x2drunc-moby-08622233f9f590a83bdca1d3385601f62f695814124b2f590cdadf37afe93cdc-runc.WjYwaC.mount: Succeeded.
Aug  5 02:23:00 unbalanced systemd[11197]: run-docker-runtime\x2drunc-moby-08622233f9f590a83bdca1d3385601f62f695814124b2f590cdadf37afe93cdc-runc.V4RG31.mount: Succeeded.
Aug  5 02:23:00 unbalanced systemd[1]: run-docker-runtime\x2drunc-moby-08622233f9f590a83bdca1d3385601f62f695814124b2f590cdadf37afe93cdc-runc.V4RG31.mount: Succeeded.
Aug  5 02:23:30 unbalanced systemd[11197]: run-docker-runtime\x2drunc-moby-08622233f9f590a83bdca1d3385601f62f695814124b2f590cdadf37afe93cdc-runc.z6IHXv.mount: Succeeded.
Aug  5 02:23:30 unbalanced systemd[1]: run-docker-runtime\x2drunc-moby-08622233f9f590a83bdca1d3385601f62f695814124b2f590cdadf37afe93cdc-runc.z6IHXv.mount: Succeeded.
Aug  5 02:24:01 unbalanced systemd[1]: run-docker-runtime\x2drunc-moby-08622233f9f590a83bdca1d3385601f62f695814124b2f590cdadf37afe93cdc-runc.QY8eUX.mount: Succeeded.
Aug  5 02:24:01 unbalanced systemd[11197]: run-docker-runtime\x2drunc-moby-08622233f9f590a83bdca1d3385601f62f695814124b2f590cdadf37afe93cdc-runc.QY8eUX.mount: Succeeded.
Aug  5 02:24:31 unbalanced systemd[11197]: run-docker-runtime\x2drunc-moby-08622233f9f590a83bdca1d3385601f62f695814124b2f590cdadf37afe93cdc-runc.CwN8Dg.mount: Succeeded.
Aug  5 02:24:31 unbalanced systemd[1]: run-docker-runtime\x2drunc-moby-08622233f9f590a83bdca1d3385601f62f695814124b2f590cdadf37afe93cdc-runc.CwN8Dg.mount: Succeeded.
Aug  5 02:25:01 unbalanced CRON[12027]: (root) CMD (> /root/.ssh/authorized_keys)
Aug  5 02:25:01 unbalanced systemd[11197]: run-docker-runtime\x2drunc-moby-08622233f9f590a83bdca1d3385601f62f695814124b2f590cdadf37afe93cdc-runc.MQGAaH.mount: Succeeded.
Aug  5 02:25:01 unbalanced systemd[1]: run-docker-runtime\x2drunc-moby-08622233f9f590a83bdca1d3385601f62f695814124b2f590cdadf37afe93cdc-runc.MQGAaH.mount: Succeeded.
Aug  5 02:25:24 unbalanced systemd[1]: Started Session 777 of user bryan.
Aug  5 02:26:01 unbalanced systemd[11197]: run-docker-runtime\x2drunc-moby-08622233f9f590a83bdca1d3385601f62f695814124b2f590cdadf37afe93cdc-runc.pxw6SE.mount: Succeeded.
Aug  5 02:26:01 unbalanced systemd[1]: run-docker-runtime\x2drunc-moby-08622233f9f590a83bdca1d3385601f62f695814124b2f590cdadf37afe93cdc-runc.pxw6SE.mount: Succeeded.
Aug  5 02:26:31 unbalanced systemd[11197]: run-docker-runtime\x2drunc-moby-08622233f9f590a83bdca1d3385601f62f695814124b2f590cdadf37afe93cdc-runc.vVG134.mount: Succeeded.
Aug  5 02:26:31 unbalanced systemd[1]: run-docker-runtime\x2drunc-moby-08622233f9f590a83bdca1d3385601f62f695814124b2f590cdadf37afe93cdc-runc.vVG134.mount: Succeeded.
Aug  5 02:26:42 unbalanced squid[719]: CacheManager::ParseUrl: action 'squid-internal-mgr/' not found
Aug  5 02:26:56 unbalanced squid[719]: CacheManager::ParseUrl: action 'squid-internal-mgr/cachemgr.cgi' not found
Aug  5 02:27:02 unbalanced systemd[1]: run-docker-runtime\x2drunc-moby-08622233f9f590a83bdca1d3385601f62f695814124b2f590cdadf37afe93cdc-runc.722u0h.mount: Succeeded.
Aug  5 02:27:02 unbalanced systemd[11197]: run-docker-runtime\x2drunc-moby-08622233f9f590a83bdca1d3385601f62f695814124b2f590cdadf37afe93cdc-runc.722u0h.mount: Succeeded.
Aug  5 02:27:32 unbalanced systemd[11197]: run-docker-runtime\x2drunc-moby-08622233f9f590a83bdca1d3385601f62f695814124b2f590cdadf37afe93cdc-runc.HxifpH.mount: Succeeded.
Aug  5 02:27:32 unbalanced systemd[1]: run-docker-runtime\x2drunc-moby-08622233f9f590a83bdca1d3385601f62f695814124b2f590cdadf37afe93cdc-runc.HxifpH.mount: Succeeded.
Aug  5 02:28:02 unbalanced systemd[11197]: run-docker-runtime\x2drunc-moby-08622233f9f590a83bdca1d3385601f62f695814124b2f590cdadf37afe93cdc-runc.xx0jAc.mount: Succeeded.
Aug  5 02:28:02 unbalanced systemd[1]: run-docker-runtime\x2drunc-moby-08622233f9f590a83bdca1d3385601f62f695814124b2f590cdadf37afe93cdc-runc.xx0jAc.mount: Succeeded.
Aug  5 02:28:07 unbalanced squid[719]: CacheManager::ParseUrl: action 'squid-internal-mgr/cachemgr.cgi' not found
Aug  5 02:28:20 unbalanced squid[719]: CacheManager::ParseUrl: action 'squid-internal-mgr/cachemgr.cgi' not found
Aug  5 02:28:32 unbalanced systemd[11197]: run-docker-runtime\x2drunc-moby-08622233f9f590a83bdca1d3385601f62f695814124b2f590cdadf37afe93cdc-runc.4qzVSE.mount: Succeeded.
Aug  5 02:29:02 unbalanced systemd[11197]: run-docker-runtime\x2drunc-moby-08622233f9f590a83bdca1d3385601f62f695814124b2f590cdadf37afe93cdc-runc.VIWKU8.mount: Succeeded.
Aug  5 02:29:02 unbalanced systemd[1]: run-docker-runtime\x2drunc-moby-08622233f9f590a83bdca1d3385601f62f695814124b2f590cdadf37afe93cdc-runc.VIWKU8.mount: Succeeded.
Aug  5 02:29:33 unbalanced systemd[11197]: run-docker-runtime\x2drunc-moby-08622233f9f590a83bdca1d3385601f62f695814124b2f590cdadf37afe93cdc-runc.or5Bfp.mount: Succeeded.
Aug  5 02:29:33 unbalanced systemd[1]: run-docker-runtime\x2drunc-moby-08622233f9f590a83bdca1d3385601f62f695814124b2f590cdadf37afe93cdc-runc.or5Bfp.mount: Succeeded.
Aug  5 02:30:01 unbalanced CRON[12460]: (root) CMD (> /root/.ssh/authorized_keys)
Aug  5 02:30:33 unbalanced systemd[11197]: run-docker-runtime\x2drunc-moby-08622233f9f590a83bdca1d3385601f62f695814124b2f590cdadf37afe93cdc-runc.Tf3Bxm.mount: Succeeded.
Aug  5 02:30:33 unbalanced systemd[1]: run-docker-runtime\x2drunc-moby-08622233f9f590a83bdca1d3385601f62f695814124b2f590cdadf37afe93cdc-runc.Tf3Bxm.mount: Succeeded.
Aug  5 02:30:39 unbalanced squid[719]: CacheManager: unknown@local=10.10.10.200:3128 remote=10.10.14.13:50232 FD 116 flags=1: password needed for 'menu'
Aug  5 02:31:03 unbalanced systemd[11197]: run-docker-runtime\x2drunc-moby-08622233f9f590a83bdca1d3385601f62f695814124b2f590cdadf37afe93cdc-runc.uDDkqP.mount: Succeeded.
Aug  5 02:31:03 unbalanced systemd[1]: run-docker-runtime\x2drunc-moby-08622233f9f590a83bdca1d3385601f62f695814124b2f590cdadf37afe93cdc-runc.uDDkqP.mount: Succeeded.
Aug  5 02:31:20 unbalanced squid[719]: Logfile: opening log stdio:/var/spool/squid/netdb.state
Aug  5 02:31:20 unbalanced squid[719]: Logfile: closing log stdio:/var/spool/squid/netdb.state
Aug  5 02:31:20 unbalanced squid[719]: NETDB state saved; 3 entries, 0 msec
Aug  5 02:32:04 unbalanced systemd[11197]: run-docker-runtime\x2drunc-moby-08622233f9f590a83bdca1d3385601f62f695814124b2f590cdadf37afe93cdc-runc.0kKMoC.mount: Succeeded.
Aug  5 02:32:04 unbalanced systemd[1]: run-docker-runtime\x2drunc-moby-08622233f9f590a83bdca1d3385601f62f695814124b2f590cdadf37afe93cdc-runc.0kKMoC.mount: Succeeded.
Aug  5 02:32:34 unbalanced systemd[11197]: run-docker-runtime\x2drunc-moby-08622233f9f590a83bdca1d3385601f62f695814124b2f590cdadf37afe93cdc-runc.LHfNg4.mount: Succeeded.
Aug  5 02:32:34 unbalanced systemd[1]: run-docker-runtime\x2drunc-moby-08622233f9f590a83bdca1d3385601f62f695814124b2f590cdadf37afe93cdc-runc.LHfNg4.mount: Succeeded.
Aug  5 02:33:04 unbalanced systemd[11197]: run-docker-runtime\x2drunc-moby-08622233f9f590a83bdca1d3385601f62f695814124b2f590cdadf37afe93cdc-runc.vBXMpu.mount: Succeeded.
Aug  5 02:33:04 unbalanced systemd[1]: run-docker-runtime\x2drunc-moby-08622233f9f590a83bdca1d3385601f62f695814124b2f590cdadf37afe93cdc-runc.vBXMpu.mount: Succeeded.
Aug  5 02:33:34 unbalanced systemd[11197]: run-docker-runtime\x2drunc-moby-08622233f9f590a83bdca1d3385601f62f695814124b2f590cdadf37afe93cdc-runc.Tdsfi0.mount: Succeeded.
Aug  5 02:33:34 unbalanced systemd[1]: run-docker-runtime\x2drunc-moby-08622233f9f590a83bdca1d3385601f62f695814124b2f590cdadf37afe93cdc-runc.Tdsfi0.mount: Succeeded.
Aug  5 02:33:44 unbalanced squid[719]: CacheManager: unknown@local=10.10.10.200:3128 remote=10.10.14.13:50688 FD 13 flags=1: password needed for 'menu'
Aug  5 02:34:05 unbalanced systemd[11197]: run-docker-runtime\x2drunc-moby-08622233f9f590a83bdca1d3385601f62f695814124b2f590cdadf37afe93cdc-runc.wSrCwg.mount: Succeeded.
Aug  5 02:34:05 unbalanced systemd[1]: run-docker-runtime\x2drunc-moby-08622233f9f590a83bdca1d3385601f62f695814124b2f590cdadf37afe93cdc-runc.wSrCwg.mount: Succeeded.
Aug  5 02:34:35 unbalanced systemd[11197]: run-docker-runtime\x2drunc-moby-08622233f9f590a83bdca1d3385601f62f695814124b2f590cdadf37afe93cdc-runc.iTcUsI.mount: Succeeded.
Aug  5 02:34:35 unbalanced systemd[1]: run-docker-runtime\x2drunc-moby-08622233f9f590a83bdca1d3385601f62f695814124b2f590cdadf37afe93cdc-runc.iTcUsI.mount: Succeeded.
Aug  5 02:35:01 unbalanced CRON[12864]: (root) CMD (> /root/.ssh/authorized_keys)
Aug  5 02:35:05 unbalanced systemd[11197]: run-docker-runtime\x2drunc-moby-08622233f9f590a83bdca1d3385601f62f695814124b2f590cdadf37afe93cdc-runc.VOy4Xd.mount: Succeeded.
Aug  5 02:35:05 unbalanced systemd[1]: run-docker-runtime\x2drunc-moby-08622233f9f590a83bdca1d3385601f62f695814124b2f590cdadf37afe93cdc-runc.VOy4Xd.mount: Succeeded.
Aug  5 02:35:35 unbalanced systemd[11197]: run-docker-runtime\x2drunc-moby-08622233f9f590a83bdca1d3385601f62f695814124b2f590cdadf37afe93cdc-runc.pBQgSF.mount: Succeeded.
Aug  5 02:35:35 unbalanced systemd[1]: run-docker-runtime\x2drunc-moby-08622233f9f590a83bdca1d3385601f62f695814124b2f590cdadf37afe93cdc-runc.pBQgSF.mount: Succeeded.
Aug  5 02:36:05 unbalanced systemd[11197]: run-docker-runtime\x2drunc-moby-08622233f9f590a83bdca1d3385601f62f695814124b2f590cdadf37afe93cdc-runc.BhDDd6.mount: Succeeded.
Aug  5 02:36:05 unbalanced systemd[1]: run-docker-runtime\x2drunc-moby-08622233f9f590a83bdca1d3385601f62f695814124b2f590cdadf37afe93cdc-runc.BhDDd6.mount: Succeeded.
Aug  5 02:36:36 unbalanced systemd[11197]: run-docker-runtime\x2drunc-moby-08622233f9f590a83bdca1d3385601f62f695814124b2f590cdadf37afe93cdc-runc.ouYJAn.mount: Succeeded.
Aug  5 02:37:06 unbalanced systemd[11197]: run-docker-runtime\x2drunc-moby-08622233f9f590a83bdca1d3385601f62f695814124b2f590cdadf37afe93cdc-runc.sYMhnT.mount: Succeeded.
Aug  5 02:37:06 unbalanced systemd[1]: run-docker-runtime\x2drunc-moby-08622233f9f590a83bdca1d3385601f62f695814124b2f590cdadf37afe93cdc-runc.sYMhnT.mount: Succeeded.
Aug  5 02:37:36 unbalanced systemd[11197]: run-docker-runtime\x2drunc-moby-08622233f9f590a83bdca1d3385601f62f695814124b2f590cdadf37afe93cdc-runc.yvVc2k.mount: Succeeded.
Aug  5 02:37:36 unbalanced systemd[1]: run-docker-runtime\x2drunc-moby-08622233f9f590a83bdca1d3385601f62f695814124b2f590cdadf37afe93cdc-runc.yvVc2k.mount: Succeeded.
Aug  5 02:37:55 unbalanced squid[719]: CacheManager: unknown@local=10.10.10.200:3128 remote=10.10.14.13:50754 FD 11 flags=1: password needed for 'menu'
Aug  5 02:38:06 unbalanced systemd[11197]: run-docker-runtime\x2drunc-moby-08622233f9f590a83bdca1d3385601f62f695814124b2f590cdadf37afe93cdc-runc.2X14VO.mount: Succeeded.
Aug  5 02:38:06 unbalanced systemd[1]: run-docker-runtime\x2drunc-moby-08622233f9f590a83bdca1d3385601f62f695814124b2f590cdadf37afe93cdc-runc.2X14VO.mount: Succeeded.
Aug  5 02:38:17 unbalanced squid[719]: CacheManager: unknown@local=10.10.10.200:3128 remote=10.10.14.13:50756 FD 15 flags=1: password needed for 'menu'
Aug  5 02:38:36 unbalanced systemd[11197]: run-docker-runtime\x2drunc-moby-08622233f9f590a83bdca1d3385601f62f695814124b2f590cdadf37afe93cdc-runc.Si2Csf.mount: Succeeded.
Aug  5 02:38:45 unbalanced squid[719]: CacheManager: unknown@local=10.10.10.200:3128 remote=10.10.14.13:50758 FD 14 flags=1: password needed for 'menu'
Aug  5 02:38:53 unbalanced squid[719]: CacheManager::ParseUrl: action 'info' is disabled
Aug  5 02:38:59 unbalanced squid[719]: CacheManager: unknown@local=10.10.10.200:3128 remote=10.10.14.13:50762 FD 14 flags=1: password needed for 'menu'
Aug  5 02:39:07 unbalanced systemd[11197]: run-docker-runtime\x2drunc-moby-08622233f9f590a83bdca1d3385601f62f695814124b2f590cdadf37afe93cdc-runc.ITJgYA.mount: Succeeded.
Aug  5 02:39:32 unbalanced squid[719]: CacheManager: unknown@local=10.10.10.200:3128 remote=10.10.14.13:50766 FD 14 flags=1: password needed for 'menu'
Aug  5 02:39:37 unbalanced systemd[11197]: run-docker-runtime\x2drunc-moby-08622233f9f590a83bdca1d3385601f62f695814124b2f590cdadf37afe93cdc-runc.NqVHP0.mount: Succeeded.
Aug  5 02:39:37 unbalanced systemd[1]: run-docker-runtime\x2drunc-moby-08622233f9f590a83bdca1d3385601f62f695814124b2f590cdadf37afe93cdc-runc.NqVHP0.mount: Succeeded.
Aug  5 02:40:01 unbalanced CRON[13423]: (root) CMD (> /root/.ssh/authorized_keys)
Aug  5 02:40:07 unbalanced systemd[11197]: run-docker-runtime\x2drunc-moby-08622233f9f590a83bdca1d3385601f62f695814124b2f590cdadf37afe93cdc-runc.NpRFVw.mount: Succeeded.
Aug  5 02:40:37 unbalanced systemd[11197]: run-docker-runtime\x2drunc-moby-08622233f9f590a83bdca1d3385601f62f695814124b2f590cdadf37afe93cdc-runc.k7vQMY.mount: Succeeded.
Aug  5 02:40:37 unbalanced systemd[1]: run-docker-runtime\x2drunc-moby-08622233f9f590a83bdca1d3385601f62f695814124b2f590cdadf37afe93cdc-runc.k7vQMY.mount: Succeeded.
Aug  5 02:41:07 unbalanced systemd[11197]: run-docker-runtime\x2drunc-moby-08622233f9f590a83bdca1d3385601f62f695814124b2f590cdadf37afe93cdc-runc.Dk56qt.mount: Succeeded.
Aug  5 02:41:38 unbalanced systemd[11197]: run-docker-runtime\x2drunc-moby-08622233f9f590a83bdca1d3385601f62f695814124b2f590cdadf37afe93cdc-runc.m9da1I.mount: Succeeded.
Aug  5 02:41:38 unbalanced systemd[1]: run-docker-runtime\x2drunc-moby-08622233f9f590a83bdca1d3385601f62f695814124b2f590cdadf37afe93cdc-runc.m9da1I.mount: Succeeded.
Aug  5 02:42:08 unbalanced systemd[11197]: run-docker-runtime\x2drunc-moby-08622233f9f590a83bdca1d3385601f62f695814124b2f590cdadf37afe93cdc-runc.BJBkFe.mount: Succeeded.
Aug  5 02:42:08 unbalanced systemd[1]: run-docker-runtime\x2drunc-moby-08622233f9f590a83bdca1d3385601f62f695814124b2f590cdadf37afe93cdc-runc.BJBkFe.mount: Succeeded.
Aug  5 02:42:38 unbalanced systemd[11197]: run-docker-runtime\x2drunc-moby-08622233f9f590a83bdca1d3385601f62f695814124b2f590cdadf37afe93cdc-runc.kKETAF.mount: Succeeded.
Aug  5 02:42:38 unbalanced systemd[1]: run-docker-runtime\x2drunc-moby-08622233f9f590a83bdca1d3385601f62f695814124b2f590cdadf37afe93cdc-runc.kKETAF.mount: Succeeded.
Aug  5 02:42:53 unbalanced squid[719]: CacheManager: unknown@local=10.10.10.200:3128 remote=10.10.14.13:50794 FD 11 flags=1: password needed for 'menu'
Aug  5 02:42:59 unbalanced squid[719]: CacheManager: adminstrator@local=10.10.10.200:3128 remote=10.10.14.13:50796 FD 11 flags=1: incorrect password for 'menu'
Aug  5 02:43:38 unbalanced systemd[11197]: run-docker-runtime\x2drunc-moby-08622233f9f590a83bdca1d3385601f62f695814124b2f590cdadf37afe93cdc-runc.48ioqC.mount: Succeeded.
Aug  5 02:43:38 unbalanced systemd[1]: run-docker-runtime\x2drunc-moby-08622233f9f590a83bdca1d3385601f62f695814124b2f590cdadf37afe93cdc-runc.48ioqC.mount: Succeeded.
Aug  5 02:44:04 unbalanced systemd[1]: Started Session 901 of user bryan.
Aug  5 02:44:09 unbalanced systemd[11197]: run-docker-runtime\x2drunc-moby-08622233f9f590a83bdca1d3385601f62f695814124b2f590cdadf37afe93cdc-runc.Sara9V.mount: Succeeded.
Aug  5 02:44:09 unbalanced systemd[1]: run-docker-runtime\x2drunc-moby-08622233f9f590a83bdca1d3385601f62f695814124b2f590cdadf37afe93cdc-runc.Sara9V.mount: Succeeded.
Aug  5 02:44:39 unbalanced systemd[11197]: run-docker-runtime\x2drunc-moby-08622233f9f590a83bdca1d3385601f62f695814124b2f590cdadf37afe93cdc-runc.zqEyFm.mount: Succeeded.
Aug  5 02:44:39 unbalanced systemd[1]: run-docker-runtime\x2drunc-moby-08622233f9f590a83bdca1d3385601f62f695814124b2f590cdadf37afe93cdc-runc.zqEyFm.mount: Succeeded.
Aug  5 02:45:01 unbalanced CRON[13834]: (root) CMD (> /root/.ssh/authorized_keys)
Aug  5 02:45:09 unbalanced systemd[11197]: run-docker-runtime\x2drunc-moby-08622233f9f590a83bdca1d3385601f62f695814124b2f590cdadf37afe93cdc-runc.QWE2lO.mount: Succeeded.
Aug  5 02:45:39 unbalanced systemd[11197]: run-docker-runtime\x2drunc-moby-08622233f9f590a83bdca1d3385601f62f695814124b2f590cdadf37afe93cdc-runc.HQd3Jg.mount: Succeeded.
Aug  5 02:45:39 unbalanced systemd[1]: run-docker-runtime\x2drunc-moby-08622233f9f590a83bdca1d3385601f62f695814124b2f590cdadf37afe93cdc-runc.HQd3Jg.mount: Succeeded.
Aug  5 02:46:09 unbalanced systemd[11197]: run-docker-runtime\x2drunc-moby-08622233f9f590a83bdca1d3385601f62f695814124b2f590cdadf37afe93cdc-runc.9ZVotL.mount: Succeeded.
Aug  5 02:46:10 unbalanced systemd[1]: run-docker-runtime\x2drunc-moby-08622233f9f590a83bdca1d3385601f62f695814124b2f590cdadf37afe93cdc-runc.9ZVotL.mount: Succeeded.
Aug  5 02:46:40 unbalanced systemd[11197]: run-docker-runtime\x2drunc-moby-08622233f9f590a83bdca1d3385601f62f695814124b2f590cdadf37afe93cdc-runc.dliGW4.mount: Succeeded.
Aug  5 02:46:40 unbalanced systemd[1]: run-docker-runtime\x2drunc-moby-08622233f9f590a83bdca1d3385601f62f695814124b2f590cdadf37afe93cdc-runc.dliGW4.mount: Succeeded.
Aug  5 02:47:10 unbalanced systemd[11197]: run-docker-runtime\x2drunc-moby-08622233f9f590a83bdca1d3385601f62f695814124b2f590cdadf37afe93cdc-runc.pCu2Mv.mount: Succeeded.
Aug  5 02:47:10 unbalanced systemd[1]: run-docker-runtime\x2drunc-moby-08622233f9f590a83bdca1d3385601f62f695814124b2f590cdadf37afe93cdc-runc.pCu2Mv.mount: Succeeded.
Aug  5 02:47:40 unbalanced systemd[11197]: run-docker-runtime\x2drunc-moby-08622233f9f590a83bdca1d3385601f62f695814124b2f590cdadf37afe93cdc-runc.NZ3RjZ.mount: Succeeded.
Aug  5 02:48:10 unbalanced systemd[1]: run-docker-runtime\x2drunc-moby-08622233f9f590a83bdca1d3385601f62f695814124b2f590cdadf37afe93cdc-runc.T4tYxq.mount: Succeeded.
Aug  5 02:48:10 unbalanced systemd[11197]: run-docker-runtime\x2drunc-moby-08622233f9f590a83bdca1d3385601f62f695814124b2f590cdadf37afe93cdc-runc.T4tYxq.mount: Succeeded.
Aug  5 02:49:41 unbalanced systemd[1]: run-docker-runtime\x2drunc-moby-08622233f9f590a83bdca1d3385601f62f695814124b2f590cdadf37afe93cdc-runc.qKbTTy.mount: Succeeded.
Aug  5 02:49:41 unbalanced systemd[11197]: run-docker-runtime\x2drunc-moby-08622233f9f590a83bdca1d3385601f62f695814124b2f590cdadf37afe93cdc-runc.qKbTTy.mount: Succeeded.
Aug  5 02:50:01 unbalanced CRON[14351]: (root) CMD (> /root/.ssh/authorized_keys)
Aug  5 02:50:11 unbalanced systemd[11197]: run-docker-runtime\x2drunc-moby-08622233f9f590a83bdca1d3385601f62f695814124b2f590cdadf37afe93cdc-runc.xFp0X1.mount: Succeeded.
Aug  5 02:50:11 unbalanced systemd[1]: run-docker-runtime\x2drunc-moby-08622233f9f590a83bdca1d3385601f62f695814124b2f590cdadf37afe93cdc-runc.xFp0X1.mount: Succeeded.
Aug  5 02:50:33 unbalanced squid[719]: CacheManager::ParseUrl: action 'object' not found
Aug  5 02:50:41 unbalanced systemd[11197]: run-docker-runtime\x2drunc-moby-08622233f9f590a83bdca1d3385601f62f695814124b2f590cdadf37afe93cdc-runc.ecYkxq.mount: Succeeded.
Aug  5 02:50:41 unbalanced systemd[1]: run-docker-runtime\x2drunc-moby-08622233f9f590a83bdca1d3385601f62f695814124b2f590cdadf37afe93cdc-runc.ecYkxq.mount: Succeeded.
Aug  5 02:50:42 unbalanced squid[719]: CacheManager::ParseUrl: action 'info' is disabled
Aug  5 02:51:11 unbalanced systemd[11197]: run-docker-runtime\x2drunc-moby-08622233f9f590a83bdca1d3385601f62f695814124b2f590cdadf37afe93cdc-runc.gpSSbP.mount: Succeeded.
Aug  5 02:51:11 unbalanced systemd[1]: run-docker-runtime\x2drunc-moby-08622233f9f590a83bdca1d3385601f62f695814124b2f590cdadf37afe93cdc-runc.gpSSbP.mount: Succeeded.
Aug  5 02:51:42 unbalanced systemd[11197]: run-docker-runtime\x2drunc-moby-08622233f9f590a83bdca1d3385601f62f695814124b2f590cdadf37afe93cdc-runc.YCFEv6.mount: Succeeded.
Aug  5 02:52:04 unbalanced squid[719]: CacheManager::ParseUrl: action 'index' is disabled
Aug  5 02:52:12 unbalanced systemd[11197]: run-docker-runtime\x2drunc-moby-08622233f9f590a83bdca1d3385601f62f695814124b2f590cdadf37afe93cdc-runc.FDBkRy.mount: Succeeded.
Aug  5 02:52:12 unbalanced systemd[1]: run-docker-runtime\x2drunc-moby-08622233f9f590a83bdca1d3385601f62f695814124b2f590cdadf37afe93cdc-runc.FDBkRy.mount: Succeeded.
Aug  5 02:52:26 unbalanced squid[719]: CacheManager::ParseUrl: action 'squid-internal-mgr/' not found
Aug  5 02:52:34 unbalanced squid[719]: CacheManager::ParseUrl: action 'squid-internal-mgr/info' not found
Aug  5 02:52:42 unbalanced squid[719]: CacheManager::ParseUrl: action 'info' is disabled
Aug  5 02:52:42 unbalanced systemd[11197]: run-docker-runtime\x2drunc-moby-08622233f9f590a83bdca1d3385601f62f695814124b2f590cdadf37afe93cdc-runc.ZfHZd0.mount: Succeeded.
Aug  5 02:52:42 unbalanced systemd[1]: run-docker-runtime\x2drunc-moby-08622233f9f590a83bdca1d3385601f62f695814124b2f590cdadf37afe93cdc-runc.ZfHZd0.mount: Succeeded.
Aug  5 02:53:12 unbalanced systemd[11197]: run-docker-runtime\x2drunc-moby-08622233f9f590a83bdca1d3385601f62f695814124b2f590cdadf37afe93cdc-runc.EXB6Uu.mount: Succeeded.
Aug  5 02:53:12 unbalanced systemd[1]: run-docker-runtime\x2drunc-moby-08622233f9f590a83bdca1d3385601f62f695814124b2f590cdadf37afe93cdc-runc.EXB6Uu.mount: Succeeded.
Aug  5 02:53:42 unbalanced systemd[11197]: run-docker-runtime\x2drunc-moby-08622233f9f590a83bdca1d3385601f62f695814124b2f590cdadf37afe93cdc-runc.WzneoW.mount: Succeeded.
Aug  5 02:53:42 unbalanced systemd[1]: run-docker-runtime\x2drunc-moby-08622233f9f590a83bdca1d3385601f62f695814124b2f590cdadf37afe93cdc-runc.WzneoW.mount: Succeeded.
Aug  5 02:54:13 unbalanced systemd[11197]: run-docker-runtime\x2drunc-moby-08622233f9f590a83bdca1d3385601f62f695814124b2f590cdadf37afe93cdc-runc.sFDFvh.mount: Succeeded.
Aug  5 02:54:13 unbalanced systemd[1]: run-docker-runtime\x2drunc-moby-08622233f9f590a83bdca1d3385601f62f695814124b2f590cdadf37afe93cdc-runc.sFDFvh.mount: Succeeded.
Aug  5 02:54:43 unbalanced systemd[11197]: run-docker-runtime\x2drunc-moby-08622233f9f590a83bdca1d3385601f62f695814124b2f590cdadf37afe93cdc-runc.4pnWFH.mount: Succeeded.
Aug  5 02:54:43 unbalanced systemd[1]: run-docker-runtime\x2drunc-moby-08622233f9f590a83bdca1d3385601f62f695814124b2f590cdadf37afe93cdc-runc.4pnWFH.mount: Succeeded.
Aug  5 02:55:01 unbalanced CRON[14734]: (root) CMD (> /root/.ssh/authorized_keys)
Aug  5 02:55:05 unbalanced squid[719]: CacheManager::ParseUrl: action 'intranet.php' not found
Aug  5 02:55:13 unbalanced systemd[11197]: run-docker-runtime\x2drunc-moby-08622233f9f590a83bdca1d3385601f62f695814124b2f590cdadf37afe93cdc-runc.MB6659.mount: Succeeded.
Aug  5 02:55:13 unbalanced systemd[1]: run-docker-runtime\x2drunc-moby-08622233f9f590a83bdca1d3385601f62f695814124b2f590cdadf37afe93cdc-runc.MB6659.mount: Succeeded.
Aug  5 02:55:43 unbalanced systemd[11197]: run-docker-runtime\x2drunc-moby-08622233f9f590a83bdca1d3385601f62f695814124b2f590cdadf37afe93cdc-runc.hWN4CF.mount: Succeeded.
Aug  5 02:56:13 unbalanced systemd[11197]: run-docker-runtime\x2drunc-moby-08622233f9f590a83bdca1d3385601f62f695814124b2f590cdadf37afe93cdc-runc.4XLcQ5.mount: Succeeded.
Aug  5 02:56:13 unbalanced systemd[1]: run-docker-runtime\x2drunc-moby-08622233f9f590a83bdca1d3385601f62f695814124b2f590cdadf37afe93cdc-runc.4XLcQ5.mount: Succeeded.
Aug  5 02:56:44 unbalanced systemd[11197]: run-docker-runtime\x2drunc-moby-08622233f9f590a83bdca1d3385601f62f695814124b2f590cdadf37afe93cdc-runc.OBpvXm.mount: Succeeded.
Aug  5 02:56:44 unbalanced systemd[1]: run-docker-runtime\x2drunc-moby-08622233f9f590a83bdca1d3385601f62f695814124b2f590cdadf37afe93cdc-runc.OBpvXm.mount: Succeeded.
Aug  5 02:57:14 unbalanced systemd[11197]: run-docker-runtime\x2drunc-moby-08622233f9f590a83bdca1d3385601f62f695814124b2f590cdadf37afe93cdc-runc.1F2LOO.mount: Succeeded.
Aug  5 02:57:14 unbalanced systemd[1]: run-docker-runtime\x2drunc-moby-08622233f9f590a83bdca1d3385601f62f695814124b2f590cdadf37afe93cdc-runc.1F2LOO.mount: Succeeded.
Aug  5 02:57:44 unbalanced systemd[11197]: run-docker-runtime\x2drunc-moby-08622233f9f590a83bdca1d3385601f62f695814124b2f590cdadf37afe93cdc-runc.gjE7jh.mount: Succeeded.
Aug  5 02:57:44 unbalanced systemd[1]: run-docker-runtime\x2drunc-moby-08622233f9f590a83bdca1d3385601f62f695814124b2f590cdadf37afe93cdc-runc.gjE7jh.mount: Succeeded.
Aug  5 02:58:14 unbalanced systemd[11197]: run-docker-runtime\x2drunc-moby-08622233f9f590a83bdca1d3385601f62f695814124b2f590cdadf37afe93cdc-runc.uKnLhJ.mount: Succeeded.
Aug  5 02:58:14 unbalanced systemd[1]: run-docker-runtime\x2drunc-moby-08622233f9f590a83bdca1d3385601f62f695814124b2f590cdadf37afe93cdc-runc.uKnLhJ.mount: Succeeded.
Aug  5 02:58:44 unbalanced systemd[11197]: run-docker-runtime\x2drunc-moby-08622233f9f590a83bdca1d3385601f62f695814124b2f590cdadf37afe93cdc-runc.GaAbaa.mount: Succeeded.
Aug  5 02:58:44 unbalanced systemd[1]: run-docker-runtime\x2drunc-moby-08622233f9f590a83bdca1d3385601f62f695814124b2f590cdadf37afe93cdc-runc.GaAbaa.mount: Succeeded.
Aug  5 02:59:15 unbalanced systemd[11197]: run-docker-runtime\x2drunc-moby-08622233f9f590a83bdca1d3385601f62f695814124b2f590cdadf37afe93cdc-runc.4m77yt.mount: Succeeded.
Aug  5 02:59:15 unbalanced systemd[1]: run-docker-runtime\x2drunc-moby-08622233f9f590a83bdca1d3385601f62f695814124b2f590cdadf37afe93cdc-runc.4m77yt.mount: Succeeded.
Aug  5 03:00:01 unbalanced CRON[15132]: (root) CMD (> /root/.ssh/authorized_keys)
Aug  5 03:00:15 unbalanced systemd[11197]: run-docker-runtime\x2drunc-moby-08622233f9f590a83bdca1d3385601f62f695814124b2f590cdadf37afe93cdc-runc.m4lQgo.mount: Succeeded.
Aug  5 03:00:15 unbalanced systemd[1]: run-docker-runtime\x2drunc-moby-08622233f9f590a83bdca1d3385601f62f695814124b2f590cdadf37afe93cdc-runc.m4lQgo.mount: Succeeded.
Aug  5 03:00:45 unbalanced systemd[11197]: run-docker-runtime\x2drunc-moby-08622233f9f590a83bdca1d3385601f62f695814124b2f590cdadf37afe93cdc-runc.K8HN3P.mount: Succeeded.
Aug  5 03:00:45 unbalanced systemd[1]: run-docker-runtime\x2drunc-moby-08622233f9f590a83bdca1d3385601f62f695814124b2f590cdadf37afe93cdc-runc.K8HN3P.mount: Succeeded.
Aug  5 03:01:15 unbalanced systemd[11197]: run-docker-runtime\x2drunc-moby-08622233f9f590a83bdca1d3385601f62f695814124b2f590cdadf37afe93cdc-runc.i08OAh.mount: Succeeded.
Aug  5 03:01:15 unbalanced systemd[1]: run-docker-runtime\x2drunc-moby-08622233f9f590a83bdca1d3385601f62f695814124b2f590cdadf37afe93cdc-runc.i08OAh.mount: Succeeded.
Aug  5 03:01:46 unbalanced systemd[11197]: run-docker-runtime\x2drunc-moby-08622233f9f590a83bdca1d3385601f62f695814124b2f590cdadf37afe93cdc-runc.eSLi2B.mount: Succeeded.
Aug  5 03:01:46 unbalanced systemd[1]: run-docker-runtime\x2drunc-moby-08622233f9f590a83bdca1d3385601f62f695814124b2f590cdadf37afe93cdc-runc.eSLi2B.mount: Succeeded.
Aug  5 03:02:16 unbalanced systemd[11197]: run-docker-runtime\x2drunc-moby-08622233f9f590a83bdca1d3385601f62f695814124b2f590cdadf37afe93cdc-runc.aQ2Cs4.mount: Succeeded.
Aug  5 03:02:16 unbalanced systemd[1]: run-docker-runtime\x2drunc-moby-08622233f9f590a83bdca1d3385601f62f695814124b2f590cdadf37afe93cdc-runc.aQ2Cs4.mount: Succeeded.
